[ 2017-05-31T10:16:45+08:00 ] 127.0.0.1 /Admin/Login/index
INFO: [ app_init ] --START--
INFO: Run Behavior\BuildLiteBehavior [ RunTime:0.000000s ]
INFO: [ app_init ] --END-- [ RunTime:0.001001s ]
INFO: [ app_begin ] --START--
INFO: Run Behavior\ReadHtmlCacheBehavior [ RunTime:0.001000s ]
INFO: [ app_begin ] --END-- [ RunTime:0.001000s ]
INFO: [ view_parse ] --START--
INFO: [ template_filter ] --START--
INFO: Run Behavior\ContentReplaceBehavior [ RunTime:0.001000s ]
INFO: [ template_filter ] --END-- [ RunTime:0.001000s ]
INFO: Run Behavior\ParseTemplateBehavior [ RunTime:0.012001s ]
INFO: [ view_parse ] --END-- [ RunTime:0.014001s ]
INFO: [ view_filter ] --START--
INFO: Run Behavior\WriteHtmlCacheBehavior [ RunTime:0.000000s ]
INFO: [ view_filter ] --END-- [ RunTime:0.000000s ]
INFO: [ app_end ] --START--
INFO: Run Behavior\ShowPageTraceBehavior [ RunTime:0.001000s ]
INFO: [ app_end ] --END-- [ RunTime:0.001000s ]

[ 2017-05-31T10:16:45+08:00 ] 127.0.0.1 /Admin/Login/verify
INFO: [ app_init ] --START--
INFO: Run Behavior\BuildLiteBehavior [ RunTime:0.000000s ]
INFO: [ app_init ] --END-- [ RunTime:0.001000s ]
INFO: [ app_begin ] --START--
INFO: Run Behavior\ReadHtmlCacheBehavior [ RunTime:0.000000s ]
INFO: [ app_begin ] --END-- [ RunTime:0.001000s ]
INFO: [ app_end ] --START--
INFO: Run Behavior\ShowPageTraceBehavior [ RunTime:0.001000s ]
INFO: [ app_end ] --END-- [ RunTime:0.001000s ]

[ 2017-05-31T10:16:50+08:00 ] 127.0.0.1 /Admin/Login/verify?
INFO: [ app_init ] --START--
INFO: Run Behavior\BuildLiteBehavior [ RunTime:0.000000s ]
INFO: [ app_init ] --END-- [ RunTime:0.001000s ]
INFO: [ app_begin ] --START--
INFO: Run Behavior\ReadHtmlCacheBehavior [ RunTime:0.001000s ]
INFO: [ app_begin ] --END-- [ RunTime:0.001000s ]
INFO: [ app_end ] --START--
INFO: Run Behavior\ShowPageTraceBehavior [ RunTime:0.000000s ]
INFO: [ app_end ] --END-- [ RunTime:0.002000s ]

[ 2017-05-31T10:16:53+08:00 ] 127.0.0.1 /Admin/Login/index.html
INFO: [ app_init ] --START--
INFO: Run Behavior\BuildLiteBehavior [ RunTime:0.000000s ]
INFO: [ app_init ] --END-- [ RunTime:0.001000s ]
INFO: [ app_begin ] --START--
INFO: Run Behavior\ReadHtmlCacheBehavior [ RunTime:0.002000s ]
INFO: [ app_begin ] --END-- [ RunTime:0.002000s ]
SQL: SHOW COLUMNS FROM `admin` [ RunTime:0.0050s ]
SQL: SELECT * FROM `admin` WHERE `user_name` = '123' LIMIT 1   [ RunTime:0.0000s ]
INFO: [ view_parse ] --START--
INFO: [ template_filter ] --START--
INFO: Run Behavior\ContentReplaceBehavior [ RunTime:0.001000s ]
INFO: [ template_filter ] --END-- [ RunTime:0.001000s ]
INFO: Run Behavior\ParseTemplateBehavior [ RunTime:0.007000s ]
INFO: [ view_parse ] --END-- [ RunTime:0.007000s ]
INFO: [ view_filter ] --START--
INFO: Run Behavior\WriteHtmlCacheBehavior [ RunTime:0.001000s ]
INFO: [ view_filter ] --END-- [ RunTime:0.001000s ]
INFO: [ app_end ] --START--
INFO: Run Behavior\ShowPageTraceBehavior [ RunTime:0.001000s ]
INFO: [ app_end ] --END-- [ RunTime:0.001000s ]

[ 2017-05-31T10:16:54+08:00 ] 127.0.0.1 /index.php/Admin/Index/index.html
INFO: [ app_init ] --START--
INFO: Run Behavior\BuildLiteBehavior [ RunTime:0.000000s ]
INFO: [ app_init ] --END-- [ RunTime:0.001000s ]
INFO: [ app_begin ] --START--
INFO: Run Behavior\ReadHtmlCacheBehavior [ RunTime:0.000000s ]
INFO: [ app_begin ] --END-- [ RunTime:0.002000s ]
INFO: [ view_parse ] --START--
INFO: [ template_filter ] --START--
INFO: Run Behavior\ContentReplaceBehavior [ RunTime:0.001000s ]
INFO: [ template_filter ] --END-- [ RunTime:0.001000s ]
INFO: Run Behavior\ParseTemplateBehavior [ RunTime:0.012001s ]
INFO: [ view_parse ] --END-- [ RunTime:0.013001s ]
INFO: [ view_filter ] --START--
INFO: Run Behavior\WriteHtmlCacheBehavior [ RunTime:0.000000s ]
INFO: [ view_filter ] --END-- [ RunTime:0.000000s ]
INFO: [ app_end ] --START--
INFO: Run Behavior\ShowPageTraceBehavior [ RunTime:0.000000s ]
INFO: [ app_end ] --END-- [ RunTime:0.000000s ]

[ 2017-05-31T10:16:54+08:00 ] 127.0.0.1 /index.php/Admin/Index/welcome.html
INFO: [ app_init ] --START--
INFO: Run Behavior\BuildLiteBehavior [ RunTime:0.000000s ]
INFO: [ app_init ] --END-- [ RunTime:0.001000s ]
INFO: [ app_begin ] --START--
INFO: Run Behavior\ReadHtmlCacheBehavior [ RunTime:0.001000s ]
INFO: [ app_begin ] --END-- [ RunTime:0.001000s ]
INFO: [ app_end ] --START--
INFO: Run Behavior\ShowPageTraceBehavior [ RunTime:0.000000s ]
INFO: [ app_end ] --END-- [ RunTime:0.001000s ]

[ 2017-05-31T10:16:57+08:00 ] 127.0.0.1 /index.php/Admin/Brand/index.html
INFO: [ app_init ] --START--
INFO: Run Behavior\BuildLiteBehavior [ RunTime:0.000000s ]
INFO: [ app_init ] --END-- [ RunTime:0.001000s ]
INFO: [ app_begin ] --START--
INFO: Run Behavior\ReadHtmlCacheBehavior [ RunTime:0.001000s ]
INFO: [ app_begin ] --END-- [ RunTime:0.001000s ]
SQL: SHOW COLUMNS FROM `brand` [ RunTime:0.0070s ]
SQL: SELECT COUNT(*) AS tp_count FROM `brand` LIMIT 1   [ RunTime:0.0010s ]
SQL: SELECT `id`,`brand_name` FROM `brand` LIMIT 0,2   [ RunTime:0.0010s ]
INFO: [ view_parse ] --START--
INFO: [ template_filter ] --START--
INFO: Run Behavior\ContentReplaceBehavior [ RunTime:0.000000s ]
INFO: [ template_filter ] --END-- [ RunTime:0.000000s ]
NOTIC: [8] Use of undefined constant id - assumed 'id' D:\0201\www.125.com\Application\Runtime\Cache\Admin\2a38b4b7be29a02b1e37409ba1a585bd.php 第 38 行.
NOTIC: [8] Use of undefined constant id - assumed 'id' D:\0201\www.125.com\Application\Runtime\Cache\Admin\2a38b4b7be29a02b1e37409ba1a585bd.php 第 38 行.
INFO: Run Behavior\ParseTemplateBehavior [ RunTime:0.010000s ]
INFO: [ view_parse ] --END-- [ RunTime:0.010000s ]
INFO: [ view_filter ] --START--
INFO: Run Behavior\WriteHtmlCacheBehavior [ RunTime:0.001000s ]
INFO: [ view_filter ] --END-- [ RunTime:0.001000s ]
INFO: [ app_end ] --START--
INFO: Run Behavior\ShowPageTraceBehavior [ RunTime:0.001001s ]
INFO: [ app_end ] --END-- [ RunTime:0.001001s ]

[ 2017-05-31T10:16:57+08:00 ] 127.0.0.1 /index.php/Admin/Goods/index.html
INFO: [ app_init ] --START--
INFO: Run Behavior\BuildLiteBehavior [ RunTime:0.000000s ]
INFO: [ app_init ] --END-- [ RunTime:0.001000s ]
INFO: [ app_begin ] --START--
INFO: Run Behavior\ReadHtmlCacheBehavior [ RunTime:0.002000s ]
INFO: [ app_begin ] --END-- [ RunTime:0.002000s ]
SQL: SHOW COLUMNS FROM `0201_goods` [ RunTime:0.0080s ]
SQL: SELECT COUNT(*) AS tp_count FROM `0201_goods` LIMIT 1   [ RunTime:0.0010s ]
SQL: SELECT * FROM `0201_goods` LIMIT 0,2   [ RunTime:0.0000s ]
INFO: [ view_parse ] --START--
INFO: [ template_filter ] --START--
INFO: Run Behavior\ContentReplaceBehavior [ RunTime:0.000000s ]
INFO: [ template_filter ] --END-- [ RunTime:0.000000s ]
INFO: Run Behavior\ParseTemplateBehavior [ RunTime:0.009001s ]
INFO: [ view_parse ] --END-- [ RunTime:0.009001s ]
INFO: [ view_filter ] --START--
INFO: Run Behavior\WriteHtmlCacheBehavior [ RunTime:0.000000s ]
INFO: [ view_filter ] --END-- [ RunTime:0.000000s ]
INFO: [ app_end ] --START--
INFO: Run Behavior\ShowPageTraceBehavior [ RunTime:0.001000s ]
INFO: [ app_end ] --END-- [ RunTime:0.001000s ]

[ 2017-05-31T10:16:58+08:00 ] 127.0.0.1 /index.php/Admin/Brand/index.html
INFO: [ app_init ] --START--
INFO: Run Behavior\BuildLiteBehavior [ RunTime:0.000000s ]
INFO: [ app_init ] --END-- [ RunTime:0.002000s ]
INFO: [ app_begin ] --START--
INFO: Run Behavior\ReadHtmlCacheBehavior [ RunTime:0.001000s ]
INFO: [ app_begin ] --END-- [ RunTime:0.001000s ]
SQL: SHOW COLUMNS FROM `brand` [ RunTime:0.0030s ]
SQL: SELECT COUNT(*) AS tp_count FROM `brand` LIMIT 1   [ RunTime:0.0010s ]
SQL: SELECT `id`,`brand_name` FROM `brand` LIMIT 0,2   [ RunTime:0.0000s ]
INFO: [ view_parse ] --START--
INFO: [ template_filter ] --START--
INFO: Run Behavior\ContentReplaceBehavior [ RunTime:0.000000s ]
INFO: [ template_filter ] --END-- [ RunTime:0.000000s ]
NOTIC: [8] Use of undefined constant id - assumed 'id' D:\0201\www.125.com\Application\Runtime\Cache\Admin\2a38b4b7be29a02b1e37409ba1a585bd.php 第 38 行.
NOTIC: [8] Use of undefined constant id - assumed 'id' D:\0201\www.125.com\Application\Runtime\Cache\Admin\2a38b4b7be29a02b1e37409ba1a585bd.php 第 38 行.
INFO: Run Behavior\ParseTemplateBehavior [ RunTime:0.010000s ]
INFO: [ view_parse ] --END-- [ RunTime:0.010000s ]
INFO: [ view_filter ] --START--
INFO: Run Behavior\WriteHtmlCacheBehavior [ RunTime:0.000000s ]
INFO: [ view_filter ] --END-- [ RunTime:0.000000s ]
INFO: [ app_end ] --START--
INFO: Run Behavior\ShowPageTraceBehavior [ RunTime:0.000000s ]
INFO: [ app_end ] --END-- [ RunTime:0.000000s ]

[ 2017-05-31T10:17:00+08:00 ] 127.0.0.1 /index.php/Admin/Category/index.html
INFO: [ app_init ] --START--
INFO: Run Behavior\BuildLiteBehavior [ RunTime:0.000000s ]
INFO: [ app_init ] --END-- [ RunTime:0.001001s ]
INFO: [ app_begin ] --START--
INFO: Run Behavior\ReadHtmlCacheBehavior [ RunTime:0.001000s ]
INFO: [ app_begin ] --END-- [ RunTime:0.001000s ]
SQL: SHOW COLUMNS FROM `category` [ RunTime:0.0040s ]
SQL: SELECT COUNT(*) AS tp_count FROM `category` LIMIT 1   [ RunTime:0.0010s ]
SQL: SELECT * FROM `category` LIMIT 0,2   [ RunTime:0.0000s ]
INFO: [ view_parse ] --START--
INFO: [ template_filter ] --START--
INFO: Run Behavior\ContentReplaceBehavior [ RunTime:0.000000s ]
INFO: [ template_filter ] --END-- [ RunTime:0.000000s ]
NOTIC: [8] Use of undefined constant id - assumed 'id' D:\0201\www.125.com\Application\Runtime\Cache\Admin\9bfef0f9f473c596f668b6c9a32bfd5c.php 第 37 行.
NOTIC: [8] Use of undefined constant id - assumed 'id' D:\0201\www.125.com\Application\Runtime\Cache\Admin\9bfef0f9f473c596f668b6c9a32bfd5c.php 第 37 行.
INFO: Run Behavior\ParseTemplateBehavior [ RunTime:0.010001s ]
INFO: [ view_parse ] --END-- [ RunTime:0.010001s ]
INFO: [ view_filter ] --START--
INFO: Run Behavior\WriteHtmlCacheBehavior [ RunTime:0.000000s ]
INFO: [ view_filter ] --END-- [ RunTime:0.000000s ]
INFO: [ app_end ] --START--
INFO: Run Behavior\ShowPageTraceBehavior [ RunTime:0.000000s ]
INFO: [ app_end ] --END-- [ RunTime:0.000000s ]

[ 2017-05-31T10:17:02+08:00 ] 127.0.0.1 /index.php/Admin/Category/add.html
INFO: [ app_init ] --START--
INFO: Run Behavior\BuildLiteBehavior [ RunTime:0.000000s ]
INFO: [ app_init ] --END-- [ RunTime:0.001000s ]
INFO: [ app_begin ] --START--
INFO: Run Behavior\ReadHtmlCacheBehavior [ RunTime:0.001000s ]
INFO: [ app_begin ] --END-- [ RunTime:0.002000s ]
SQL: SHOW COLUMNS FROM `category` [ RunTime:0.0030s ]
SQL: SELECT * FROM `category`  [ RunTime:0.0000s ]
INFO: [ view_parse ] --START--
INFO: [ template_filter ] --START--
INFO: Run Behavior\ContentReplaceBehavior [ RunTime:0.000000s ]
INFO: [ template_filter ] --END-- [ RunTime:0.001000s ]
INFO: Run Behavior\ParseTemplateBehavior [ RunTime:0.009001s ]
INFO: [ view_parse ] --END-- [ RunTime:0.009001s ]
INFO: [ view_filter ] --START--
INFO: Run Behavior\WriteHtmlCacheBehavior [ RunTime:0.000000s ]
INFO: [ view_filter ] --END-- [ RunTime:0.001000s ]
NOTIC: [2] Cannot modify header information - headers already sent by (output started at D:\0201\www.125.com\ThinkPHP\Common\functions.php:850) D:\0201\www.125.com\ThinkPHP\Library\Think\View.class.php 第 91 行.
NOTIC: [2] Cannot modify header information - headers already sent by (output started at D:\0201\www.125.com\ThinkPHP\Common\functions.php:850) D:\0201\www.125.com\ThinkPHP\Library\Think\View.class.php 第 92 行.
NOTIC: [2] Cannot modify header information - headers already sent by (output started at D:\0201\www.125.com\ThinkPHP\Common\functions.php:850) D:\0201\www.125.com\ThinkPHP\Library\Think\View.class.php 第 93 行.
INFO: [ app_end ] --START--
INFO: Run Behavior\ShowPageTraceBehavior [ RunTime:0.001000s ]
INFO: [ app_end ] --END-- [ RunTime:0.001000s ]

[ 2017-05-31T10:18:47+08:00 ] 127.0.0.1 /index.php/Admin/Category/index.html
INFO: [ app_init ] --START--
INFO: Run Behavior\BuildLiteBehavior [ RunTime:0.000000s ]
INFO: [ app_init ] --END-- [ RunTime:0.001000s ]
INFO: [ app_begin ] --START--
INFO: Run Behavior\ReadHtmlCacheBehavior [ RunTime:0.001000s ]
INFO: [ app_begin ] --END-- [ RunTime:0.001000s ]
SQL: SHOW COLUMNS FROM `category` [ RunTime:0.0040s ]
SQL: SELECT COUNT(*) AS tp_count FROM `category` LIMIT 1   [ RunTime:0.0010s ]
SQL: SELECT * FROM `category` LIMIT 0,2   [ RunTime:0.0010s ]
INFO: [ view_parse ] --START--
INFO: [ template_filter ] --START--
INFO: Run Behavior\ContentReplaceBehavior [ RunTime:0.000000s ]
INFO: [ template_filter ] --END-- [ RunTime:0.000000s ]
NOTIC: [8] Use of undefined constant id - assumed 'id' D:\0201\www.125.com\Application\Runtime\Cache\Admin\9bfef0f9f473c596f668b6c9a32bfd5c.php 第 37 行.
NOTIC: [8] Use of undefined constant id - assumed 'id' D:\0201\www.125.com\Application\Runtime\Cache\Admin\9bfef0f9f473c596f668b6c9a32bfd5c.php 第 37 行.
INFO: Run Behavior\ParseTemplateBehavior [ RunTime:0.011001s ]
INFO: [ view_parse ] --END-- [ RunTime:0.011001s ]
INFO: [ view_filter ] --START--
INFO: Run Behavior\WriteHtmlCacheBehavior [ RunTime:0.001000s ]
INFO: [ view_filter ] --END-- [ RunTime:0.001000s ]
INFO: [ app_end ] --START--
INFO: Run Behavior\ShowPageTraceBehavior [ RunTime:0.001000s ]
INFO: [ app_end ] --END-- [ RunTime:0.001000s ]

[ 2017-05-31T10:18:48+08:00 ] 127.0.0.1 /index.php/Admin/Category/add.html
INFO: [ app_init ] --START--
INFO: Run Behavior\BuildLiteBehavior [ RunTime:0.000000s ]
INFO: [ app_init ] --END-- [ RunTime:0.000000s ]
INFO: [ app_begin ] --START--
INFO: Run Behavior\ReadHtmlCacheBehavior [ RunTime:0.001000s ]
INFO: [ app_begin ] --END-- [ RunTime:0.002000s ]
SQL: SHOW COLUMNS FROM `category` [ RunTime:0.0030s ]
SQL: SELECT * FROM `category`  [ RunTime:0.0000s ]
INFO: [ view_parse ] --START--
INFO: [ template_filter ] --START--
INFO: Run Behavior\ContentReplaceBehavior [ RunTime:0.000000s ]
INFO: [ template_filter ] --END-- [ RunTime:0.000000s ]
INFO: Run Behavior\ParseTemplateBehavior [ RunTime:0.010000s ]
INFO: [ view_parse ] --END-- [ RunTime:0.010000s ]
INFO: [ view_filter ] --START--
INFO: Run Behavior\WriteHtmlCacheBehavior [ RunTime:0.000000s ]
INFO: [ view_filter ] --END-- [ RunTime:0.000000s ]
NOTIC: [2] Cannot modify header information - headers already sent by (output started at D:\0201\www.125.com\ThinkPHP\Common\functions.php:850) D:\0201\www.125.com\ThinkPHP\Library\Think\View.class.php 第 91 行.
NOTIC: [2] Cannot modify header information - headers already sent by (output started at D:\0201\www.125.com\ThinkPHP\Common\functions.php:850) D:\0201\www.125.com\ThinkPHP\Library\Think\View.class.php 第 92 行.
NOTIC: [2] Cannot modify header information - headers already sent by (output started at D:\0201\www.125.com\ThinkPHP\Common\functions.php:850) D:\0201\www.125.com\ThinkPHP\Library\Think\View.class.php 第 93 行.
INFO: [ app_end ] --START--
INFO: Run Behavior\ShowPageTraceBehavior [ RunTime:0.001000s ]
INFO: [ app_end ] --END-- [ RunTime:0.001000s ]

[ 2017-05-31T10:19:53+08:00 ] 127.0.0.1 /index.php/Admin/Category/add.html
INFO: [ app_init ] --START--
INFO: Run Behavior\BuildLiteBehavior [ RunTime:0.000000s ]
INFO: [ app_init ] --END-- [ RunTime:0.001000s ]
INFO: [ app_begin ] --START--
INFO: Run Behavior\ReadHtmlCacheBehavior [ RunTime:0.000000s ]
INFO: [ app_begin ] --END-- [ RunTime:0.000000s ]
SQL: SHOW COLUMNS FROM `category` [ RunTime:0.0030s ]
SQL: SELECT * FROM `category`  [ RunTime:0.0000s ]
INFO: [ view_parse ] --START--
INFO: [ template_filter ] --START--
INFO: Run Behavior\ContentReplaceBehavior [ RunTime:0.001000s ]
INFO: [ template_filter ] --END-- [ RunTime:0.001000s ]
INFO: Run Behavior\ParseTemplateBehavior [ RunTime:0.008001s ]
INFO: [ view_parse ] --END-- [ RunTime:0.010001s ]
INFO: [ view_filter ] --START--
INFO: Run Behavior\WriteHtmlCacheBehavior [ RunTime:0.000000s ]
INFO: [ view_filter ] --END-- [ RunTime:0.000000s ]
NOTIC: [2] Cannot modify header information - headers already sent by (output started at D:\0201\www.125.com\ThinkPHP\Common\functions.php:850) D:\0201\www.125.com\ThinkPHP\Library\Think\View.class.php 第 91 行.
NOTIC: [2] Cannot modify header information - headers already sent by (output started at D:\0201\www.125.com\ThinkPHP\Common\functions.php:850) D:\0201\www.125.com\ThinkPHP\Library\Think\View.class.php 第 92 行.
NOTIC: [2] Cannot modify header information - headers already sent by (output started at D:\0201\www.125.com\ThinkPHP\Common\functions.php:850) D:\0201\www.125.com\ThinkPHP\Library\Think\View.class.php 第 93 行.
INFO: [ app_end ] --START--
INFO: Run Behavior\ShowPageTraceBehavior [ RunTime:0.000000s ]
INFO: [ app_end ] --END-- [ RunTime:0.000000s ]

[ 2017-05-31T10:23:04+08:00 ] 127.0.0.1 /index.php/Admin/Index/index.html
INFO: [ app_init ] --START--
INFO: Run Behavior\BuildLiteBehavior [ RunTime:0.000000s ]
INFO: [ app_init ] --END-- [ RunTime:0.001000s ]
INFO: [ app_begin ] --START--
INFO: Run Behavior\ReadHtmlCacheBehavior [ RunTime:0.001000s ]
INFO: [ app_begin ] --END-- [ RunTime:0.001000s ]
INFO: [ view_parse ] --START--
INFO: [ template_filter ] --START--
INFO: Run Behavior\ContentReplaceBehavior [ RunTime:0.000000s ]
INFO: [ template_filter ] --END-- [ RunTime:0.000000s ]
INFO: Run Behavior\ParseTemplateBehavior [ RunTime:0.010001s ]
INFO: [ view_parse ] --END-- [ RunTime:0.011001s ]
INFO: [ view_filter ] --START--
INFO: Run Behavior\WriteHtmlCacheBehavior [ RunTime:0.001000s ]
INFO: [ view_filter ] --END-- [ RunTime:0.001000s ]
INFO: [ app_end ] --START--
INFO: Run Behavior\ShowPageTraceBehavior [ RunTime:0.001000s ]
INFO: [ app_end ] --END-- [ RunTime:0.001000s ]

[ 2017-05-31T10:23:04+08:00 ] 127.0.0.1 /index.php/Admin/Index/welcome.html
INFO: [ app_init ] --START--
INFO: Run Behavior\BuildLiteBehavior [ RunTime:0.000000s ]
INFO: [ app_init ] --END-- [ RunTime:0.001000s ]
INFO: [ app_begin ] --START--
INFO: Run Behavior\ReadHtmlCacheBehavior [ RunTime:0.001000s ]
INFO: [ app_begin ] --END-- [ RunTime:0.001000s ]
INFO: [ app_end ] --START--
INFO: Run Behavior\ShowPageTraceBehavior [ RunTime:0.001000s ]
INFO: [ app_end ] --END-- [ RunTime:0.001000s ]

[ 2017-05-31T10:23:05+08:00 ] 127.0.0.1 /index.php/Admin/Category/index.html
INFO: [ app_init ] --START--
INFO: Run Behavior\BuildLiteBehavior [ RunTime:0.000000s ]
INFO: [ app_init ] --END-- [ RunTime:0.000000s ]
INFO: [ app_begin ] --START--
INFO: Run Behavior\ReadHtmlCacheBehavior [ RunTime:0.000000s ]
INFO: [ app_begin ] --END-- [ RunTime:0.000000s ]
SQL: SHOW COLUMNS FROM `category` [ RunTime:0.0030s ]
SQL: SELECT COUNT(*) AS tp_count FROM `category` LIMIT 1   [ RunTime:0.0010s ]
SQL: SELECT * FROM `category` LIMIT 0,2   [ RunTime:0.0000s ]
INFO: [ view_parse ] --START--
INFO: [ template_filter ] --START--
INFO: Run Behavior\ContentReplaceBehavior [ RunTime:0.000000s ]
INFO: [ template_filter ] --END-- [ RunTime:0.000000s ]
NOTIC: [8] Use of undefined constant id - assumed 'id' D:\0201\www.125.com\Application\Runtime\Cache\Admin\9bfef0f9f473c596f668b6c9a32bfd5c.php 第 37 行.
NOTIC: [8] Use of undefined constant id - assumed 'id' D:\0201\www.125.com\Application\Runtime\Cache\Admin\9bfef0f9f473c596f668b6c9a32bfd5c.php 第 37 行.
INFO: Run Behavior\ParseTemplateBehavior [ RunTime:0.010001s ]
INFO: [ view_parse ] --END-- [ RunTime:0.010001s ]
INFO: [ view_filter ] --START--
INFO: Run Behavior\WriteHtmlCacheBehavior [ RunTime:0.001000s ]
INFO: [ view_filter ] --END-- [ RunTime:0.001000s ]
INFO: [ app_end ] --START--
INFO: Run Behavior\ShowPageTraceBehavior [ RunTime:0.001000s ]
INFO: [ app_end ] --END-- [ RunTime:0.001000s ]

[ 2017-05-31T10:23:06+08:00 ] 127.0.0.1 /index.php/Admin/Category/add.html
INFO: [ app_init ] --START--
INFO: Run Behavior\BuildLiteBehavior [ RunTime:0.000000s ]
INFO: [ app_init ] --END-- [ RunTime:0.001000s ]
INFO: [ app_begin ] --START--
INFO: Run Behavior\ReadHtmlCacheBehavior [ RunTime:0.001000s ]
INFO: [ app_begin ] --END-- [ RunTime:0.001000s ]
SQL: SHOW COLUMNS FROM `category` [ RunTime:0.0030s ]
SQL: SELECT * FROM `category`  [ RunTime:0.0010s ]
INFO: [ view_parse ] --START--
INFO: [ template_filter ] --START--
INFO: Run Behavior\ContentReplaceBehavior [ RunTime:0.000000s ]
INFO: [ template_filter ] --END-- [ RunTime:0.000000s ]
INFO: Run Behavior\ParseTemplateBehavior [ RunTime:0.010000s ]
INFO: [ view_parse ] --END-- [ RunTime:0.010000s ]
INFO: [ view_filter ] --START--
INFO: Run Behavior\WriteHtmlCacheBehavior [ RunTime:0.000000s ]
INFO: [ view_filter ] --END-- [ RunTime:0.001000s ]
NOTIC: [2] Cannot modify header information - headers already sent by (output started at D:\0201\www.125.com\ThinkPHP\Common\functions.php:850) D:\0201\www.125.com\ThinkPHP\Library\Think\View.class.php 第 91 行.
NOTIC: [2] Cannot modify header information - headers already sent by (output started at D:\0201\www.125.com\ThinkPHP\Common\functions.php:850) D:\0201\www.125.com\ThinkPHP\Library\Think\View.class.php 第 92 行.
NOTIC: [2] Cannot modify header information - headers already sent by (output started at D:\0201\www.125.com\ThinkPHP\Common\functions.php:850) D:\0201\www.125.com\ThinkPHP\Library\Think\View.class.php 第 93 行.
INFO: [ app_end ] --START--
INFO: Run Behavior\ShowPageTraceBehavior [ RunTime:0.001000s ]
INFO: [ app_end ] --END-- [ RunTime:0.001000s ]

[ 2017-05-31T10:24:08+08:00 ] 127.0.0.1 /index.php/Admin/Category/add.html
INFO: [ app_init ] --START--
INFO: Run Behavior\BuildLiteBehavior [ RunTime:0.000000s ]
INFO: [ app_init ] --END-- [ RunTime:0.001000s ]
INFO: [ app_begin ] --START--
INFO: Run Behavior\ReadHtmlCacheBehavior [ RunTime:0.001000s ]
INFO: [ app_begin ] --END-- [ RunTime:0.001000s ]
SQL: SHOW COLUMNS FROM `category` [ RunTime:0.0030s ]
SQL: SELECT * FROM `category`  [ RunTime:0.0010s ]
INFO: [ view_parse ] --START--
INFO: [ template_filter ] --START--
INFO: Run Behavior\ContentReplaceBehavior [ RunTime:0.000000s ]
INFO: [ template_filter ] --END-- [ RunTime:0.000000s ]
NOTIC: [8] Use of undefined constant 　 - assumed '　' D:\0201\www.125.com\Application\Runtime\Cache\Admin\95612c4b24bfa83d0c6f94203c668e18.php 第 26 行.
NOTIC: [8] Use of undefined constant 　 - assumed '　' D:\0201\www.125.com\Application\Runtime\Cache\Admin\95612c4b24bfa83d0c6f94203c668e18.php 第 26 行.
NOTIC: [8] Use of undefined constant 　 - assumed '　' D:\0201\www.125.com\Application\Runtime\Cache\Admin\95612c4b24bfa83d0c6f94203c668e18.php 第 26 行.
NOTIC: [8] Use of undefined constant 　 - assumed '　' D:\0201\www.125.com\Application\Runtime\Cache\Admin\95612c4b24bfa83d0c6f94203c668e18.php 第 26 行.
NOTIC: [8] Use of undefined constant 　 - assumed '　' D:\0201\www.125.com\Application\Runtime\Cache\Admin\95612c4b24bfa83d0c6f94203c668e18.php 第 26 行.
NOTIC: [8] Use of undefined constant 　 - assumed '　' D:\0201\www.125.com\Application\Runtime\Cache\Admin\95612c4b24bfa83d0c6f94203c668e18.php 第 26 行.
NOTIC: [8] Use of undefined constant 　 - assumed '　' D:\0201\www.125.com\Application\Runtime\Cache\Admin\95612c4b24bfa83d0c6f94203c668e18.php 第 26 行.
NOTIC: [8] Use of undefined constant 　 - assumed '　' D:\0201\www.125.com\Application\Runtime\Cache\Admin\95612c4b24bfa83d0c6f94203c668e18.php 第 26 行.
NOTIC: [8] Use of undefined constant 　 - assumed '　' D:\0201\www.125.com\Application\Runtime\Cache\Admin\95612c4b24bfa83d0c6f94203c668e18.php 第 26 行.
INFO: Run Behavior\ParseTemplateBehavior [ RunTime:0.010001s ]
INFO: [ view_parse ] --END-- [ RunTime:0.010001s ]
INFO: [ view_filter ] --START--
INFO: Run Behavior\WriteHtmlCacheBehavior [ RunTime:0.001000s ]
INFO: [ view_filter ] --END-- [ RunTime:0.001000s ]
NOTIC: [2] Cannot modify header information - headers already sent by (output started at D:\0201\www.125.com\ThinkPHP\Common\functions.php:850) D:\0201\www.125.com\ThinkPHP\Library\Think\View.class.php 第 91 行.
NOTIC: [2] Cannot modify header information - headers already sent by (output started at D:\0201\www.125.com\ThinkPHP\Common\functions.php:850) D:\0201\www.125.com\ThinkPHP\Library\Think\View.class.php 第 92 行.
NOTIC: [2] Cannot modify header information - headers already sent by (output started at D:\0201\www.125.com\ThinkPHP\Common\functions.php:850) D:\0201\www.125.com\ThinkPHP\Library\Think\View.class.php 第 93 行.
INFO: [ app_end ] --START--
INFO: Run Behavior\ShowPageTraceBehavior [ RunTime:0.001000s ]
INFO: [ app_end ] --END-- [ RunTime:0.001000s ]

[ 2017-05-31T10:24:23+08:00 ] 127.0.0.1 /index.php/Admin/Category/add.html
INFO: [ app_init ] --START--
INFO: Run Behavior\BuildLiteBehavior [ RunTime:0.000000s ]
INFO: [ app_init ] --END-- [ RunTime:0.001000s ]
INFO: [ app_begin ] --START--
INFO: Run Behavior\ReadHtmlCacheBehavior [ RunTime:0.001000s ]
INFO: [ app_begin ] --END-- [ RunTime:0.001000s ]
SQL: SHOW COLUMNS FROM `category` [ RunTime:0.0040s ]
SQL: SELECT * FROM `category`  [ RunTime:0.0000s ]
INFO: [ view_parse ] --START--
INFO: [ template_filter ] --START--
INFO: Run Behavior\ContentReplaceBehavior [ RunTime:0.000000s ]
INFO: [ template_filter ] --END-- [ RunTime:0.001000s ]
INFO: Run Behavior\ParseTemplateBehavior [ RunTime:0.009001s ]
INFO: [ view_parse ] --END-- [ RunTime:0.009001s ]
INFO: [ view_filter ] --START--
INFO: Run Behavior\WriteHtmlCacheBehavior [ RunTime:0.000000s ]
INFO: [ view_filter ] --END-- [ RunTime:0.000000s ]
NOTIC: [2] Cannot modify header information - headers already sent by (output started at D:\0201\www.125.com\ThinkPHP\Common\functions.php:850) D:\0201\www.125.com\ThinkPHP\Library\Think\View.class.php 第 91 行.
NOTIC: [2] Cannot modify header information - headers already sent by (output started at D:\0201\www.125.com\ThinkPHP\Common\functions.php:850) D:\0201\www.125.com\ThinkPHP\Library\Think\View.class.php 第 92 行.
NOTIC: [2] Cannot modify header information - headers already sent by (output started at D:\0201\www.125.com\ThinkPHP\Common\functions.php:850) D:\0201\www.125.com\ThinkPHP\Library\Think\View.class.php 第 93 行.
INFO: [ app_end ] --START--
INFO: Run Behavior\ShowPageTraceBehavior [ RunTime:0.000000s ]
INFO: [ app_end ] --END-- [ RunTime:0.000000s ]

[ 2017-05-31T10:26:24+08:00 ] 127.0.0.1 /index.php/Admin/Category/add.html
INFO: [ app_init ] --START--
INFO: Run Behavior\BuildLiteBehavior [ RunTime:0.000000s ]
INFO: [ app_init ] --END-- [ RunTime:0.001000s ]
INFO: [ app_begin ] --START--
INFO: Run Behavior\ReadHtmlCacheBehavior [ RunTime:0.001000s ]
INFO: [ app_begin ] --END-- [ RunTime:0.001000s ]
SQL: SHOW COLUMNS FROM `category` [ RunTime:0.0030s ]
SQL: SELECT * FROM `category`  [ RunTime:0.0000s ]
INFO: [ view_parse ] --START--
INFO: [ template_filter ] --START--
INFO: Run Behavior\ContentReplaceBehavior [ RunTime:0.000000s ]
INFO: [ template_filter ] --END-- [ RunTime:0.000000s ]
NOTIC: [8] Undefined index: level-1 D:\0201\www.125.com\Application\Runtime\Cache\Admin\95612c4b24bfa83d0c6f94203c668e18.php 第 26 行.
NOTIC: [8] Undefined index: level-1 D:\0201\www.125.com\Application\Runtime\Cache\Admin\95612c4b24bfa83d0c6f94203c668e18.php 第 26 行.
NOTIC: [8] Undefined index: level-1 D:\0201\www.125.com\Application\Runtime\Cache\Admin\95612c4b24bfa83d0c6f94203c668e18.php 第 26 行.
NOTIC: [8] Undefined index: level-1 D:\0201\www.125.com\Application\Runtime\Cache\Admin\95612c4b24bfa83d0c6f94203c668e18.php 第 26 行.
NOTIC: [8] Undefined index: level-1 D:\0201\www.125.com\Application\Runtime\Cache\Admin\95612c4b24bfa83d0c6f94203c668e18.php 第 26 行.
NOTIC: [8] Undefined index: level-1 D:\0201\www.125.com\Application\Runtime\Cache\Admin\95612c4b24bfa83d0c6f94203c668e18.php 第 26 行.
NOTIC: [8] Undefined index: level-1 D:\0201\www.125.com\Application\Runtime\Cache\Admin\95612c4b24bfa83d0c6f94203c668e18.php 第 26 行.
NOTIC: [8] Undefined index: level-1 D:\0201\www.125.com\Application\Runtime\Cache\Admin\95612c4b24bfa83d0c6f94203c668e18.php 第 26 行.
NOTIC: [8] Undefined index: level-1 D:\0201\www.125.com\Application\Runtime\Cache\Admin\95612c4b24bfa83d0c6f94203c668e18.php 第 26 行.
INFO: Run Behavior\ParseTemplateBehavior [ RunTime:0.009001s ]
INFO: [ view_parse ] --END-- [ RunTime:0.010001s ]
INFO: [ view_filter ] --START--
INFO: Run Behavior\WriteHtmlCacheBehavior [ RunTime:0.001000s ]
INFO: [ view_filter ] --END-- [ RunTime:0.001000s ]
NOTIC: [2] Cannot modify header information - headers already sent by (output started at D:\0201\www.125.com\ThinkPHP\Common\functions.php:850) D:\0201\www.125.com\ThinkPHP\Library\Think\View.class.php 第 91 行.
NOTIC: [2] Cannot modify header information - headers already sent by (output started at D:\0201\www.125.com\ThinkPHP\Common\functions.php:850) D:\0201\www.125.com\ThinkPHP\Library\Think\View.class.php 第 92 行.
NOTIC: [2] Cannot modify header information - headers already sent by (output started at D:\0201\www.125.com\ThinkPHP\Common\functions.php:850) D:\0201\www.125.com\ThinkPHP\Library\Think\View.class.php 第 93 行.
INFO: [ app_end ] --START--
INFO: Run Behavior\ShowPageTraceBehavior [ RunTime:0.001000s ]
INFO: [ app_end ] --END-- [ RunTime:0.001000s ]

[ 2017-05-31T10:26:50+08:00 ] 127.0.0.1 /index.php/Admin/Index/index.html
INFO: [ app_init ] --START--
INFO: Run Behavior\BuildLiteBehavior [ RunTime:0.000000s ]
INFO: [ app_init ] --END-- [ RunTime:0.001000s ]
INFO: [ app_begin ] --START--
INFO: Run Behavior\ReadHtmlCacheBehavior [ RunTime:0.001000s ]
INFO: [ app_begin ] --END-- [ RunTime:0.001000s ]
INFO: [ view_parse ] --START--
INFO: [ template_filter ] --START--
INFO: Run Behavior\ContentReplaceBehavior [ RunTime:0.000000s ]
INFO: [ template_filter ] --END-- [ RunTime:0.000000s ]
INFO: Run Behavior\ParseTemplateBehavior [ RunTime:0.010001s ]
INFO: [ view_parse ] --END-- [ RunTime:0.010001s ]
INFO: [ view_filter ] --START--
INFO: Run Behavior\WriteHtmlCacheBehavior [ RunTime:0.001000s ]
INFO: [ view_filter ] --END-- [ RunTime:0.001000s ]
INFO: [ app_end ] --START--
INFO: Run Behavior\ShowPageTraceBehavior [ RunTime:0.000000s ]
INFO: [ app_end ] --END-- [ RunTime:0.001000s ]

[ 2017-05-31T10:26:50+08:00 ] 127.0.0.1 /index.php/Admin/Index/welcome.html
INFO: [ app_init ] --START--
INFO: Run Behavior\BuildLiteBehavior [ RunTime:0.000000s ]
INFO: [ app_init ] --END-- [ RunTime:0.001000s ]
INFO: [ app_begin ] --START--
INFO: Run Behavior\ReadHtmlCacheBehavior [ RunTime:0.001000s ]
INFO: [ app_begin ] --END-- [ RunTime:0.001000s ]
INFO: [ app_end ] --START--
INFO: Run Behavior\ShowPageTraceBehavior [ RunTime:0.000000s ]
INFO: [ app_end ] --END-- [ RunTime:0.000000s ]

[ 2017-05-31T10:26:52+08:00 ] 127.0.0.1 /index.php/Admin/Category/index.html
INFO: [ app_init ] --START--
INFO: Run Behavior\BuildLiteBehavior [ RunTime:0.000000s ]
INFO: [ app_init ] --END-- [ RunTime:0.000000s ]
INFO: [ app_begin ] --START--
INFO: Run Behavior\ReadHtmlCacheBehavior [ RunTime:0.001000s ]
INFO: [ app_begin ] --END-- [ RunTime:0.001000s ]
SQL: SHOW COLUMNS FROM `category` [ RunTime:0.0050s ]
SQL: SELECT COUNT(*) AS tp_count FROM `category` LIMIT 1   [ RunTime:0.0010s ]
SQL: SELECT * FROM `category` LIMIT 0,2   [ RunTime:0.0000s ]
INFO: [ view_parse ] --START--
INFO: [ template_filter ] --START--
INFO: Run Behavior\ContentReplaceBehavior [ RunTime:0.001000s ]
INFO: [ template_filter ] --END-- [ RunTime:0.001000s ]
NOTIC: [8] Use of undefined constant id - assumed 'id' D:\0201\www.125.com\Application\Runtime\Cache\Admin\9bfef0f9f473c596f668b6c9a32bfd5c.php 第 37 行.
NOTIC: [8] Use of undefined constant id - assumed 'id' D:\0201\www.125.com\Application\Runtime\Cache\Admin\9bfef0f9f473c596f668b6c9a32bfd5c.php 第 37 行.
INFO: Run Behavior\ParseTemplateBehavior [ RunTime:0.010001s ]
INFO: [ view_parse ] --END-- [ RunTime:0.010001s ]
INFO: [ view_filter ] --START--
INFO: Run Behavior\WriteHtmlCacheBehavior [ RunTime:0.000000s ]
INFO: [ view_filter ] --END-- [ RunTime:0.000000s ]
INFO: [ app_end ] --START--
INFO: Run Behavior\ShowPageTraceBehavior [ RunTime:0.001000s ]
INFO: [ app_end ] --END-- [ RunTime:0.001000s ]

[ 2017-05-31T10:26:52+08:00 ] 127.0.0.1 /index.php/Admin/Category/index.html
INFO: [ app_init ] --START--
INFO: Run Behavior\BuildLiteBehavior [ RunTime:0.000000s ]
INFO: [ app_init ] --END-- [ RunTime:0.001000s ]
INFO: [ app_begin ] --START--
INFO: Run Behavior\ReadHtmlCacheBehavior [ RunTime:0.001000s ]
INFO: [ app_begin ] --END-- [ RunTime:0.001000s ]
SQL: SHOW COLUMNS FROM `category` [ RunTime:0.0060s ]
SQL: SELECT COUNT(*) AS tp_count FROM `category` LIMIT 1   [ RunTime:0.0000s ]
SQL: SELECT * FROM `category` LIMIT 0,2   [ RunTime:0.0010s ]
INFO: [ view_parse ] --START--
INFO: [ template_filter ] --START--
INFO: Run Behavior\ContentReplaceBehavior [ RunTime:0.000000s ]
INFO: [ template_filter ] --END-- [ RunTime:0.000000s ]
NOTIC: [8] Use of undefined constant id - assumed 'id' D:\0201\www.125.com\Application\Runtime\Cache\Admin\9bfef0f9f473c596f668b6c9a32bfd5c.php 第 37 行.
NOTIC: [8] Use of undefined constant id - assumed 'id' D:\0201\www.125.com\Application\Runtime\Cache\Admin\9bfef0f9f473c596f668b6c9a32bfd5c.php 第 37 行.
INFO: Run Behavior\ParseTemplateBehavior [ RunTime:0.010001s ]
INFO: [ view_parse ] --END-- [ RunTime:0.010001s ]
INFO: [ view_filter ] --START--
INFO: Run Behavior\WriteHtmlCacheBehavior [ RunTime:0.001000s ]
INFO: [ view_filter ] --END-- [ RunTime:0.001000s ]
INFO: [ app_end ] --START--
INFO: Run Behavior\ShowPageTraceBehavior [ RunTime:0.001000s ]
INFO: [ app_end ] --END-- [ RunTime:0.001000s ]

[ 2017-05-31T10:26:53+08:00 ] 127.0.0.1 /index.php/Admin/Category/add.html
INFO: [ app_init ] --START--
INFO: Run Behavior\BuildLiteBehavior [ RunTime:0.000000s ]
INFO: [ app_init ] --END-- [ RunTime:0.001000s ]
INFO: [ app_begin ] --START--
INFO: Run Behavior\ReadHtmlCacheBehavior [ RunTime:0.001000s ]
INFO: [ app_begin ] --END-- [ RunTime:0.001000s ]
SQL: SHOW COLUMNS FROM `category` [ RunTime:0.0030s ]
SQL: SELECT * FROM `category`  [ RunTime:0.0000s ]
INFO: [ view_parse ] --START--
INFO: [ template_filter ] --START--
INFO: Run Behavior\ContentReplaceBehavior [ RunTime:0.000000s ]
INFO: [ template_filter ] --END-- [ RunTime:0.000000s ]
NOTIC: [8] Use of undefined constant 　　　 - assumed '　　　' D:\0201\www.125.com\Application\Runtime\Cache\Admin\95612c4b24bfa83d0c6f94203c668e18.php 第 26 行.
NOTIC: [8] Undefined index: level-1 D:\0201\www.125.com\Application\Runtime\Cache\Admin\95612c4b24bfa83d0c6f94203c668e18.php 第 26 行.
NOTIC: [8] Use of undefined constant 　　　 - assumed '　　　' D:\0201\www.125.com\Application\Runtime\Cache\Admin\95612c4b24bfa83d0c6f94203c668e18.php 第 26 行.
NOTIC: [8] Undefined index: level-1 D:\0201\www.125.com\Application\Runtime\Cache\Admin\95612c4b24bfa83d0c6f94203c668e18.php 第 26 行.
NOTIC: [8] Use of undefined constant 　　　 - assumed '　　　' D:\0201\www.125.com\Application\Runtime\Cache\Admin\95612c4b24bfa83d0c6f94203c668e18.php 第 26 行.
NOTIC: [8] Undefined index: level-1 D:\0201\www.125.com\Application\Runtime\Cache\Admin\95612c4b24bfa83d0c6f94203c668e18.php 第 26 行.
NOTIC: [8] Use of undefined constant 　　　 - assumed '　　　' D:\0201\www.125.com\Application\Runtime\Cache\Admin\95612c4b24bfa83d0c6f94203c668e18.php 第 26 行.
NOTIC: [8] Undefined index: level-1 D:\0201\www.125.com\Application\Runtime\Cache\Admin\95612c4b24bfa83d0c6f94203c668e18.php 第 26 行.
NOTIC: [8] Use of undefined constant 　　　 - assumed '　　　' D:\0201\www.125.com\Application\Runtime\Cache\Admin\95612c4b24bfa83d0c6f94203c668e18.php 第 26 行.
NOTIC: [8] Undefined index: level-1 D:\0201\www.125.com\Application\Runtime\Cache\Admin\95612c4b24bfa83d0c6f94203c668e18.php 第 26 行.
NOTIC: [8] Use of undefined constant 　　　 - assumed '　　　' D:\0201\www.125.com\Application\Runtime\Cache\Admin\95612c4b24bfa83d0c6f94203c668e18.php 第 26 行.
NOTIC: [8] Undefined index: level-1 D:\0201\www.125.com\Application\Runtime\Cache\Admin\95612c4b24bfa83d0c6f94203c668e18.php 第 26 行.
NOTIC: [8] Use of undefined constant 　　　 - assumed '　　　' D:\0201\www.125.com\Application\Runtime\Cache\Admin\95612c4b24bfa83d0c6f94203c668e18.php 第 26 行.
NOTIC: [8] Undefined index: level-1 D:\0201\www.125.com\Application\Runtime\Cache\Admin\95612c4b24bfa83d0c6f94203c668e18.php 第 26 行.
NOTIC: [8] Use of undefined constant 　　　 - assumed '　　　' D:\0201\www.125.com\Application\Runtime\Cache\Admin\95612c4b24bfa83d0c6f94203c668e18.php 第 26 行.
NOTIC: [8] Undefined index: level-1 D:\0201\www.125.com\Application\Runtime\Cache\Admin\95612c4b24bfa83d0c6f94203c668e18.php 第 26 行.
NOTIC: [8] Use of undefined constant 　　　 - assumed '　　　' D:\0201\www.125.com\Application\Runtime\Cache\Admin\95612c4b24bfa83d0c6f94203c668e18.php 第 26 行.
NOTIC: [8] Undefined index: level-1 D:\0201\www.125.com\Application\Runtime\Cache\Admin\95612c4b24bfa83d0c6f94203c668e18.php 第 26 行.
INFO: Run Behavior\ParseTemplateBehavior [ RunTime:0.013001s ]
INFO: [ view_parse ] --END-- [ RunTime:0.013001s ]
INFO: [ view_filter ] --START--
INFO: Run Behavior\WriteHtmlCacheBehavior [ RunTime:0.001000s ]
INFO: [ view_filter ] --END-- [ RunTime:0.001000s ]
NOTIC: [2] Cannot modify header information - headers already sent by (output started at D:\0201\www.125.com\ThinkPHP\Common\functions.php:850) D:\0201\www.125.com\ThinkPHP\Library\Think\View.class.php 第 91 行.
NOTIC: [2] Cannot modify header information - headers already sent by (output started at D:\0201\www.125.com\ThinkPHP\Common\functions.php:850) D:\0201\www.125.com\ThinkPHP\Library\Think\View.class.php 第 92 行.
NOTIC: [2] Cannot modify header information - headers already sent by (output started at D:\0201\www.125.com\ThinkPHP\Common\functions.php:850) D:\0201\www.125.com\ThinkPHP\Library\Think\View.class.php 第 93 行.
INFO: [ app_end ] --START--
INFO: Run Behavior\ShowPageTraceBehavior [ RunTime:0.001000s ]
INFO: [ app_end ] --END-- [ RunTime:0.001000s ]

[ 2017-05-31T11:02:00+08:00 ] 127.0.0.1 /index.php/Admin/Category/add.html
INFO: [ app_init ] --START--
INFO: Run Behavior\BuildLiteBehavior [ RunTime:0.000000s ]
INFO: [ app_init ] --END-- [ RunTime:0.001000s ]
INFO: [ app_begin ] --START--
INFO: Run Behavior\ReadHtmlCacheBehavior [ RunTime:0.001000s ]
INFO: [ app_begin ] --END-- [ RunTime:0.001000s ]
SQL: SHOW COLUMNS FROM `category` [ RunTime:0.0040s ]
SQL: SELECT * FROM `category`  [ RunTime:0.0000s ]
INFO: [ view_parse ] --START--
INFO: [ template_filter ] --START--
INFO: Run Behavior\ContentReplaceBehavior [ RunTime:0.000000s ]
INFO: [ template_filter ] --END-- [ RunTime:0.000000s ]
NOTIC: [8] Use of undefined constant 　　　 - assumed '　　　' D:\0201\www.125.com\Application\Runtime\Cache\Admin\95612c4b24bfa83d0c6f94203c668e18.php 第 26 行.
NOTIC: [8] Undefined index: level-1 D:\0201\www.125.com\Application\Runtime\Cache\Admin\95612c4b24bfa83d0c6f94203c668e18.php 第 26 行.
NOTIC: [8] Use of undefined constant 　　　 - assumed '　　　' D:\0201\www.125.com\Application\Runtime\Cache\Admin\95612c4b24bfa83d0c6f94203c668e18.php 第 26 行.
NOTIC: [8] Undefined index: level-1 D:\0201\www.125.com\Application\Runtime\Cache\Admin\95612c4b24bfa83d0c6f94203c668e18.php 第 26 行.
NOTIC: [8] Use of undefined constant 　　　 - assumed '　　　' D:\0201\www.125.com\Application\Runtime\Cache\Admin\95612c4b24bfa83d0c6f94203c668e18.php 第 26 行.
NOTIC: [8] Undefined index: level-1 D:\0201\www.125.com\Application\Runtime\Cache\Admin\95612c4b24bfa83d0c6f94203c668e18.php 第 26 行.
NOTIC: [8] Use of undefined constant 　　　 - assumed '　　　' D:\0201\www.125.com\Application\Runtime\Cache\Admin\95612c4b24bfa83d0c6f94203c668e18.php 第 26 行.
NOTIC: [8] Undefined index: level-1 D:\0201\www.125.com\Application\Runtime\Cache\Admin\95612c4b24bfa83d0c6f94203c668e18.php 第 26 行.
NOTIC: [8] Use of undefined constant 　　　 - assumed '　　　' D:\0201\www.125.com\Application\Runtime\Cache\Admin\95612c4b24bfa83d0c6f94203c668e18.php 第 26 行.
NOTIC: [8] Undefined index: level-1 D:\0201\www.125.com\Application\Runtime\Cache\Admin\95612c4b24bfa83d0c6f94203c668e18.php 第 26 行.
NOTIC: [8] Use of undefined constant 　　　 - assumed '　　　' D:\0201\www.125.com\Application\Runtime\Cache\Admin\95612c4b24bfa83d0c6f94203c668e18.php 第 26 行.
NOTIC: [8] Undefined index: level-1 D:\0201\www.125.com\Application\Runtime\Cache\Admin\95612c4b24bfa83d0c6f94203c668e18.php 第 26 行.
NOTIC: [8] Use of undefined constant 　　　 - assumed '　　　' D:\0201\www.125.com\Application\Runtime\Cache\Admin\95612c4b24bfa83d0c6f94203c668e18.php 第 26 行.
NOTIC: [8] Undefined index: level-1 D:\0201\www.125.com\Application\Runtime\Cache\Admin\95612c4b24bfa83d0c6f94203c668e18.php 第 26 行.
NOTIC: [8] Use of undefined constant 　　　 - assumed '　　　' D:\0201\www.125.com\Application\Runtime\Cache\Admin\95612c4b24bfa83d0c6f94203c668e18.php 第 26 行.
NOTIC: [8] Undefined index: level-1 D:\0201\www.125.com\Application\Runtime\Cache\Admin\95612c4b24bfa83d0c6f94203c668e18.php 第 26 行.
NOTIC: [8] Use of undefined constant 　　　 - assumed '　　　' D:\0201\www.125.com\Application\Runtime\Cache\Admin\95612c4b24bfa83d0c6f94203c668e18.php 第 26 行.
NOTIC: [8] Undefined index: level-1 D:\0201\www.125.com\Application\Runtime\Cache\Admin\95612c4b24bfa83d0c6f94203c668e18.php 第 26 行.
INFO: Run Behavior\ParseTemplateBehavior [ RunTime:0.010001s ]
INFO: [ view_parse ] --END-- [ RunTime:0.010001s ]
INFO: [ view_filter ] --START--
INFO: Run Behavior\WriteHtmlCacheBehavior [ RunTime:0.001000s ]
INFO: [ view_filter ] --END-- [ RunTime:0.001000s ]
NOTIC: [2] Cannot modify header information - headers already sent by (output started at D:\0201\www.125.com\ThinkPHP\Common\functions.php:850) D:\0201\www.125.com\ThinkPHP\Library\Think\View.class.php 第 91 行.
NOTIC: [2] Cannot modify header information - headers already sent by (output started at D:\0201\www.125.com\ThinkPHP\Common\functions.php:850) D:\0201\www.125.com\ThinkPHP\Library\Think\View.class.php 第 92 行.
NOTIC: [2] Cannot modify header information - headers already sent by (output started at D:\0201\www.125.com\ThinkPHP\Common\functions.php:850) D:\0201\www.125.com\ThinkPHP\Library\Think\View.class.php 第 93 行.
INFO: [ app_end ] --START--
INFO: Run Behavior\ShowPageTraceBehavior [ RunTime:0.001000s ]
INFO: [ app_end ] --END-- [ RunTime:0.001000s ]

[ 2017-05-31T11:07:46+08:00 ] 127.0.0.1 /index.php/Admin/Category/add.html
INFO: [ app_init ] --START--
INFO: Run Behavior\BuildLiteBehavior [ RunTime:0.000000s ]
INFO: [ app_init ] --END-- [ RunTime:0.001000s ]
INFO: [ app_begin ] --START--
INFO: Run Behavior\ReadHtmlCacheBehavior [ RunTime:0.001000s ]
INFO: [ app_begin ] --END-- [ RunTime:0.001000s ]
SQL: SHOW COLUMNS FROM `category` [ RunTime:0.0050s ]
SQL: SELECT * FROM `category`  [ RunTime:0.0010s ]
INFO: [ view_parse ] --START--
INFO: [ template_filter ] --START--
INFO: Run Behavior\ContentReplaceBehavior [ RunTime:0.001000s ]
INFO: [ template_filter ] --END-- [ RunTime:0.001000s ]
NOTIC: [8] Use of undefined constant 　　　 - assumed '　　　' D:\0201\www.125.com\Application\Runtime\Cache\Admin\95612c4b24bfa83d0c6f94203c668e18.php 第 26 行.
NOTIC: [8] Use of undefined constant level - assumed 'level' D:\0201\www.125.com\Application\Runtime\Cache\Admin\95612c4b24bfa83d0c6f94203c668e18.php 第 26 行.
NOTIC: [8] Array to string conversion D:\0201\www.125.com\Application\Runtime\Cache\Admin\95612c4b24bfa83d0c6f94203c668e18.php 第 26 行.
NOTIC: [2] str_repeat(): Second argument has to be greater than or equal to 0 D:\0201\www.125.com\Application\Runtime\Cache\Admin\95612c4b24bfa83d0c6f94203c668e18.php 第 26 行.
NOTIC: [8] Use of undefined constant 　　　 - assumed '　　　' D:\0201\www.125.com\Application\Runtime\Cache\Admin\95612c4b24bfa83d0c6f94203c668e18.php 第 26 行.
NOTIC: [8] Use of undefined constant level - assumed 'level' D:\0201\www.125.com\Application\Runtime\Cache\Admin\95612c4b24bfa83d0c6f94203c668e18.php 第 26 行.
NOTIC: [8] Array to string conversion D:\0201\www.125.com\Application\Runtime\Cache\Admin\95612c4b24bfa83d0c6f94203c668e18.php 第 26 行.
NOTIC: [2] str_repeat(): Second argument has to be greater than or equal to 0 D:\0201\www.125.com\Application\Runtime\Cache\Admin\95612c4b24bfa83d0c6f94203c668e18.php 第 26 行.
NOTIC: [8] Use of undefined constant 　　　 - assumed '　　　' D:\0201\www.125.com\Application\Runtime\Cache\Admin\95612c4b24bfa83d0c6f94203c668e18.php 第 26 行.
NOTIC: [8] Use of undefined constant level - assumed 'level' D:\0201\www.125.com\Application\Runtime\Cache\Admin\95612c4b24bfa83d0c6f94203c668e18.php 第 26 行.
NOTIC: [8] Array to string conversion D:\0201\www.125.com\Application\Runtime\Cache\Admin\95612c4b24bfa83d0c6f94203c668e18.php 第 26 行.
NOTIC: [2] str_repeat(): Second argument has to be greater than or equal to 0 D:\0201\www.125.com\Application\Runtime\Cache\Admin\95612c4b24bfa83d0c6f94203c668e18.php 第 26 行.
NOTIC: [8] Use of undefined constant 　　　 - assumed '　　　' D:\0201\www.125.com\Application\Runtime\Cache\Admin\95612c4b24bfa83d0c6f94203c668e18.php 第 26 行.
NOTIC: [8] Use of undefined constant level - assumed 'level' D:\0201\www.125.com\Application\Runtime\Cache\Admin\95612c4b24bfa83d0c6f94203c668e18.php 第 26 行.
NOTIC: [8] Array to string conversion D:\0201\www.125.com\Application\Runtime\Cache\Admin\95612c4b24bfa83d0c6f94203c668e18.php 第 26 行.
NOTIC: [2] str_repeat(): Second argument has to be greater than or equal to 0 D:\0201\www.125.com\Application\Runtime\Cache\Admin\95612c4b24bfa83d0c6f94203c668e18.php 第 26 行.
NOTIC: [8] Use of undefined constant 　　　 - assumed '　　　' D:\0201\www.125.com\Application\Runtime\Cache\Admin\95612c4b24bfa83d0c6f94203c668e18.php 第 26 行.
NOTIC: [8] Use of undefined constant level - assumed 'level' D:\0201\www.125.com\Application\Runtime\Cache\Admin\95612c4b24bfa83d0c6f94203c668e18.php 第 26 行.
NOTIC: [8] Array to string conversion D:\0201\www.125.com\Application\Runtime\Cache\Admin\95612c4b24bfa83d0c6f94203c668e18.php 第 26 行.
NOTIC: [2] str_repeat(): Second argument has to be greater than or equal to 0 D:\0201\www.125.com\Application\Runtime\Cache\Admin\95612c4b24bfa83d0c6f94203c668e18.php 第 26 行.
NOTIC: [8] Use of undefined constant 　　　 - assumed '　　　' D:\0201\www.125.com\Application\Runtime\Cache\Admin\95612c4b24bfa83d0c6f94203c668e18.php 第 26 行.
NOTIC: [8] Use of undefined constant level - assumed 'level' D:\0201\www.125.com\Application\Runtime\Cache\Admin\95612c4b24bfa83d0c6f94203c668e18.php 第 26 行.
NOTIC: [8] Array to string conversion D:\0201\www.125.com\Application\Runtime\Cache\Admin\95612c4b24bfa83d0c6f94203c668e18.php 第 26 行.
NOTIC: [2] str_repeat(): Second argument has to be greater than or equal to 0 D:\0201\www.125.com\Application\Runtime\Cache\Admin\95612c4b24bfa83d0c6f94203c668e18.php 第 26 行.
NOTIC: [8] Use of undefined constant 　　　 - assumed '　　　' D:\0201\www.125.com\Application\Runtime\Cache\Admin\95612c4b24bfa83d0c6f94203c668e18.php 第 26 行.
NOTIC: [8] Use of undefined constant level - assumed 'level' D:\0201\www.125.com\Application\Runtime\Cache\Admin\95612c4b24bfa83d0c6f94203c668e18.php 第 26 行.
NOTIC: [8] Array to string conversion D:\0201\www.125.com\Application\Runtime\Cache\Admin\95612c4b24bfa83d0c6f94203c668e18.php 第 26 行.
NOTIC: [2] str_repeat(): Second argument has to be greater than or equal to 0 D:\0201\www.125.com\Application\Runtime\Cache\Admin\95612c4b24bfa83d0c6f94203c668e18.php 第 26 行.
NOTIC: [8] Use of undefined constant 　　　 - assumed '　　　' D:\0201\www.125.com\Application\Runtime\Cache\Admin\95612c4b24bfa83d0c6f94203c668e18.php 第 26 行.
NOTIC: [8] Use of undefined constant level - assumed 'level' D:\0201\www.125.com\Application\Runtime\Cache\Admin\95612c4b24bfa83d0c6f94203c668e18.php 第 26 行.
NOTIC: [8] Array to string conversion D:\0201\www.125.com\Application\Runtime\Cache\Admin\95612c4b24bfa83d0c6f94203c668e18.php 第 26 行.
NOTIC: [2] str_repeat(): Second argument has to be greater than or equal to 0 D:\0201\www.125.com\Application\Runtime\Cache\Admin\95612c4b24bfa83d0c6f94203c668e18.php 第 26 行.
NOTIC: [8] Use of undefined constant 　　　 - assumed '　　　' D:\0201\www.125.com\Application\Runtime\Cache\Admin\95612c4b24bfa83d0c6f94203c668e18.php 第 26 行.
NOTIC: [8] Use of undefined constant level - assumed 'level' D:\0201\www.125.com\Application\Runtime\Cache\Admin\95612c4b24bfa83d0c6f94203c668e18.php 第 26 行.
NOTIC: [8] Array to string conversion D:\0201\www.125.com\Application\Runtime\Cache\Admin\95612c4b24bfa83d0c6f94203c668e18.php 第 26 行.
NOTIC: [2] str_repeat(): Second argument has to be greater than or equal to 0 D:\0201\www.125.com\Application\Runtime\Cache\Admin\95612c4b24bfa83d0c6f94203c668e18.php 第 26 行.
INFO: Run Behavior\ParseTemplateBehavior [ RunTime:0.014000s ]
INFO: [ view_parse ] --END-- [ RunTime:0.014000s ]
INFO: [ view_filter ] --START--
INFO: Run Behavior\WriteHtmlCacheBehavior [ RunTime:0.000000s ]
INFO: [ view_filter ] --END-- [ RunTime:0.000000s ]
NOTIC: [2] Cannot modify header information - headers already sent by (output started at D:\0201\www.125.com\ThinkPHP\Common\functions.php:850) D:\0201\www.125.com\ThinkPHP\Library\Think\View.class.php 第 91 行.
NOTIC: [2] Cannot modify header information - headers already sent by (output started at D:\0201\www.125.com\ThinkPHP\Common\functions.php:850) D:\0201\www.125.com\ThinkPHP\Library\Think\View.class.php 第 92 行.
NOTIC: [2] Cannot modify header information - headers already sent by (output started at D:\0201\www.125.com\ThinkPHP\Common\functions.php:850) D:\0201\www.125.com\ThinkPHP\Library\Think\View.class.php 第 93 行.
INFO: [ app_end ] --START--
INFO: Run Behavior\ShowPageTraceBehavior [ RunTime:0.001000s ]
INFO: [ app_end ] --END-- [ RunTime:0.001000s ]

[ 2017-05-31T11:08:31+08:00 ] 127.0.0.1 /index.php/Admin/Category/add.html
INFO: [ app_init ] --START--
INFO: Run Behavior\BuildLiteBehavior [ RunTime:0.000000s ]
INFO: [ app_init ] --END-- [ RunTime:0.000000s ]
INFO: [ app_begin ] --START--
INFO: Run Behavior\ReadHtmlCacheBehavior [ RunTime:0.001000s ]
INFO: [ app_begin ] --END-- [ RunTime:0.002000s ]
SQL: SHOW COLUMNS FROM `category` [ RunTime:0.0030s ]
SQL: SELECT * FROM `category`  [ RunTime:0.0010s ]
INFO: [ view_parse ] --START--
INFO: [ template_filter ] --START--
INFO: Run Behavior\ContentReplaceBehavior [ RunTime:0.000000s ]
INFO: [ template_filter ] --END-- [ RunTime:0.000000s ]

[ 2017-05-31T11:08:48+08:00 ] 127.0.0.1 /index.php/Admin/Category/add.html
INFO: [ app_init ] --START--
INFO: Run Behavior\BuildLiteBehavior [ RunTime:0.000000s ]
INFO: [ app_init ] --END-- [ RunTime:0.001000s ]
INFO: [ app_begin ] --START--
INFO: Run Behavior\ReadHtmlCacheBehavior [ RunTime:0.001000s ]
INFO: [ app_begin ] --END-- [ RunTime:0.001000s ]
SQL: SHOW COLUMNS FROM `category` [ RunTime:0.0030s ]
SQL: SELECT * FROM `category`  [ RunTime:0.0010s ]
INFO: [ view_parse ] --START--
INFO: [ template_filter ] --START--
INFO: Run Behavior\ContentReplaceBehavior [ RunTime:0.000000s ]
INFO: [ template_filter ] --END-- [ RunTime:0.000000s ]
NOTIC: [8] Use of undefined constant level - assumed 'level' D:\0201\www.125.com\Application\Runtime\Cache\Admin\95612c4b24bfa83d0c6f94203c668e18.php 第 26 行.
NOTIC: [8] Array to string conversion D:\0201\www.125.com\Application\Runtime\Cache\Admin\95612c4b24bfa83d0c6f94203c668e18.php 第 26 行.
NOTIC: [2] str_repeat(): Second argument has to be greater than or equal to 0 D:\0201\www.125.com\Application\Runtime\Cache\Admin\95612c4b24bfa83d0c6f94203c668e18.php 第 26 行.
NOTIC: [8] Use of undefined constant level - assumed 'level' D:\0201\www.125.com\Application\Runtime\Cache\Admin\95612c4b24bfa83d0c6f94203c668e18.php 第 26 行.
NOTIC: [8] Array to string conversion D:\0201\www.125.com\Application\Runtime\Cache\Admin\95612c4b24bfa83d0c6f94203c668e18.php 第 26 行.
NOTIC: [2] str_repeat(): Second argument has to be greater than or equal to 0 D:\0201\www.125.com\Application\Runtime\Cache\Admin\95612c4b24bfa83d0c6f94203c668e18.php 第 26 行.
NOTIC: [8] Use of undefined constant level - assumed 'level' D:\0201\www.125.com\Application\Runtime\Cache\Admin\95612c4b24bfa83d0c6f94203c668e18.php 第 26 行.
NOTIC: [8] Array to string conversion D:\0201\www.125.com\Application\Runtime\Cache\Admin\95612c4b24bfa83d0c6f94203c668e18.php 第 26 行.
NOTIC: [2] str_repeat(): Second argument has to be greater than or equal to 0 D:\0201\www.125.com\Application\Runtime\Cache\Admin\95612c4b24bfa83d0c6f94203c668e18.php 第 26 行.
NOTIC: [8] Use of undefined constant level - assumed 'level' D:\0201\www.125.com\Application\Runtime\Cache\Admin\95612c4b24bfa83d0c6f94203c668e18.php 第 26 行.
NOTIC: [8] Array to string conversion D:\0201\www.125.com\Application\Runtime\Cache\Admin\95612c4b24bfa83d0c6f94203c668e18.php 第 26 行.
NOTIC: [2] str_repeat(): Second argument has to be greater than or equal to 0 D:\0201\www.125.com\Application\Runtime\Cache\Admin\95612c4b24bfa83d0c6f94203c668e18.php 第 26 行.
NOTIC: [8] Use of undefined constant level - assumed 'level' D:\0201\www.125.com\Application\Runtime\Cache\Admin\95612c4b24bfa83d0c6f94203c668e18.php 第 26 行.
NOTIC: [8] Array to string conversion D:\0201\www.125.com\Application\Runtime\Cache\Admin\95612c4b24bfa83d0c6f94203c668e18.php 第 26 行.
NOTIC: [2] str_repeat(): Second argument has to be greater than or equal to 0 D:\0201\www.125.com\Application\Runtime\Cache\Admin\95612c4b24bfa83d0c6f94203c668e18.php 第 26 行.
NOTIC: [8] Use of undefined constant level - assumed 'level' D:\0201\www.125.com\Application\Runtime\Cache\Admin\95612c4b24bfa83d0c6f94203c668e18.php 第 26 行.
NOTIC: [8] Array to string conversion D:\0201\www.125.com\Application\Runtime\Cache\Admin\95612c4b24bfa83d0c6f94203c668e18.php 第 26 行.
NOTIC: [2] str_repeat(): Second argument has to be greater than or equal to 0 D:\0201\www.125.com\Application\Runtime\Cache\Admin\95612c4b24bfa83d0c6f94203c668e18.php 第 26 行.
NOTIC: [8] Use of undefined constant level - assumed 'level' D:\0201\www.125.com\Application\Runtime\Cache\Admin\95612c4b24bfa83d0c6f94203c668e18.php 第 26 行.
NOTIC: [8] Array to string conversion D:\0201\www.125.com\Application\Runtime\Cache\Admin\95612c4b24bfa83d0c6f94203c668e18.php 第 26 行.
NOTIC: [2] str_repeat(): Second argument has to be greater than or equal to 0 D:\0201\www.125.com\Application\Runtime\Cache\Admin\95612c4b24bfa83d0c6f94203c668e18.php 第 26 行.
NOTIC: [8] Use of undefined constant level - assumed 'level' D:\0201\www.125.com\Application\Runtime\Cache\Admin\95612c4b24bfa83d0c6f94203c668e18.php 第 26 行.
NOTIC: [8] Array to string conversion D:\0201\www.125.com\Application\Runtime\Cache\Admin\95612c4b24bfa83d0c6f94203c668e18.php 第 26 行.
NOTIC: [2] str_repeat(): Second argument has to be greater than or equal to 0 D:\0201\www.125.com\Application\Runtime\Cache\Admin\95612c4b24bfa83d0c6f94203c668e18.php 第 26 行.
NOTIC: [8] Use of undefined constant level - assumed 'level' D:\0201\www.125.com\Application\Runtime\Cache\Admin\95612c4b24bfa83d0c6f94203c668e18.php 第 26 行.
NOTIC: [8] Array to string conversion D:\0201\www.125.com\Application\Runtime\Cache\Admin\95612c4b24bfa83d0c6f94203c668e18.php 第 26 行.
NOTIC: [2] str_repeat(): Second argument has to be greater than or equal to 0 D:\0201\www.125.com\Application\Runtime\Cache\Admin\95612c4b24bfa83d0c6f94203c668e18.php 第 26 行.
INFO: Run Behavior\ParseTemplateBehavior [ RunTime:0.010000s ]
INFO: [ view_parse ] --END-- [ RunTime:0.010000s ]
INFO: [ view_filter ] --START--
INFO: Run Behavior\WriteHtmlCacheBehavior [ RunTime:0.000000s ]
INFO: [ view_filter ] --END-- [ RunTime:0.000000s ]
NOTIC: [2] Cannot modify header information - headers already sent by (output started at D:\0201\www.125.com\ThinkPHP\Common\functions.php:850) D:\0201\www.125.com\ThinkPHP\Library\Think\View.class.php 第 91 行.
NOTIC: [2] Cannot modify header information - headers already sent by (output started at D:\0201\www.125.com\ThinkPHP\Common\functions.php:850) D:\0201\www.125.com\ThinkPHP\Library\Think\View.class.php 第 92 行.
NOTIC: [2] Cannot modify header information - headers already sent by (output started at D:\0201\www.125.com\ThinkPHP\Common\functions.php:850) D:\0201\www.125.com\ThinkPHP\Library\Think\View.class.php 第 93 行.
INFO: [ app_end ] --START--
INFO: Run Behavior\ShowPageTraceBehavior [ RunTime:0.000000s ]
INFO: [ app_end ] --END-- [ RunTime:0.001000s ]

[ 2017-05-31T11:10:14+08:00 ] 127.0.0.1 /index.php/Admin/Category/add.html
INFO: [ app_init ] --START--
INFO: Run Behavior\BuildLiteBehavior [ RunTime:0.000000s ]
INFO: [ app_init ] --END-- [ RunTime:0.001000s ]
INFO: [ app_begin ] --START--
INFO: Run Behavior\ReadHtmlCacheBehavior [ RunTime:0.001000s ]
INFO: [ app_begin ] --END-- [ RunTime:0.001000s ]
SQL: SHOW COLUMNS FROM `category` [ RunTime:0.0040s ]
SQL: SELECT * FROM `category`  [ RunTime:0.0000s ]
INFO: [ view_parse ] --START--
INFO: [ template_filter ] --START--
INFO: Run Behavior\ContentReplaceBehavior [ RunTime:0.000000s ]
INFO: [ template_filter ] --END-- [ RunTime:0.000000s ]

[ 2017-05-31T11:10:37+08:00 ] 127.0.0.1 /index.php/Admin/Category/add.html
INFO: [ app_init ] --START--
INFO: Run Behavior\BuildLiteBehavior [ RunTime:0.000000s ]
INFO: [ app_init ] --END-- [ RunTime:0.000000s ]
INFO: [ app_begin ] --START--
INFO: Run Behavior\ReadHtmlCacheBehavior [ RunTime:0.001000s ]
INFO: [ app_begin ] --END-- [ RunTime:0.002000s ]
SQL: SHOW COLUMNS FROM `category` [ RunTime:0.0060s ]
SQL: SELECT * FROM `category`  [ RunTime:0.0000s ]
INFO: [ view_parse ] --START--
INFO: [ template_filter ] --START--
INFO: Run Behavior\ContentReplaceBehavior [ RunTime:0.000000s ]
INFO: [ template_filter ] --END-- [ RunTime:0.000000s ]
INFO: Run Behavior\ParseTemplateBehavior [ RunTime:0.014001s ]
INFO: [ view_parse ] --END-- [ RunTime:0.014001s ]
INFO: [ view_filter ] --START--
INFO: Run Behavior\WriteHtmlCacheBehavior [ RunTime:0.000000s ]
INFO: [ view_filter ] --END-- [ RunTime:0.001000s ]
NOTIC: [2] Cannot modify header information - headers already sent by (output started at D:\0201\www.125.com\ThinkPHP\Common\functions.php:850) D:\0201\www.125.com\ThinkPHP\Library\Think\View.class.php 第 91 行.
NOTIC: [2] Cannot modify header information - headers already sent by (output started at D:\0201\www.125.com\ThinkPHP\Common\functions.php:850) D:\0201\www.125.com\ThinkPHP\Library\Think\View.class.php 第 92 行.
NOTIC: [2] Cannot modify header information - headers already sent by (output started at D:\0201\www.125.com\ThinkPHP\Common\functions.php:850) D:\0201\www.125.com\ThinkPHP\Library\Think\View.class.php 第 93 行.
INFO: [ app_end ] --START--
INFO: Run Behavior\ShowPageTraceBehavior [ RunTime:0.000000s ]
INFO: [ app_end ] --END-- [ RunTime:0.001000s ]

[ 2017-05-31T11:10:38+08:00 ] 127.0.0.1 /index.php/Admin/Category/add.html
INFO: [ app_init ] --START--
INFO: Run Behavior\BuildLiteBehavior [ RunTime:0.000000s ]
INFO: [ app_init ] --END-- [ RunTime:0.000000s ]
INFO: [ app_begin ] --START--
INFO: Run Behavior\ReadHtmlCacheBehavior [ RunTime:0.000000s ]
INFO: [ app_begin ] --END-- [ RunTime:0.000000s ]
SQL: SHOW COLUMNS FROM `category` [ RunTime:0.0040s ]
SQL: SELECT * FROM `category`  [ RunTime:0.0010s ]
INFO: [ view_parse ] --START--
INFO: [ template_filter ] --START--
INFO: Run Behavior\ContentReplaceBehavior [ RunTime:0.000000s ]
INFO: [ template_filter ] --END-- [ RunTime:0.001001s ]
INFO: Run Behavior\ParseTemplateBehavior [ RunTime:0.011001s ]
INFO: [ view_parse ] --END-- [ RunTime:0.011001s ]
INFO: [ view_filter ] --START--
INFO: Run Behavior\WriteHtmlCacheBehavior [ RunTime:0.000000s ]
INFO: [ view_filter ] --END-- [ RunTime:0.000000s ]
NOTIC: [2] Cannot modify header information - headers already sent by (output started at D:\0201\www.125.com\ThinkPHP\Common\functions.php:850) D:\0201\www.125.com\ThinkPHP\Library\Think\View.class.php 第 91 行.
NOTIC: [2] Cannot modify header information - headers already sent by (output started at D:\0201\www.125.com\ThinkPHP\Common\functions.php:850) D:\0201\www.125.com\ThinkPHP\Library\Think\View.class.php 第 92 行.
NOTIC: [2] Cannot modify header information - headers already sent by (output started at D:\0201\www.125.com\ThinkPHP\Common\functions.php:850) D:\0201\www.125.com\ThinkPHP\Library\Think\View.class.php 第 93 行.
INFO: [ app_end ] --START--
INFO: Run Behavior\ShowPageTraceBehavior [ RunTime:0.018001s ]
INFO: [ app_end ] --END-- [ RunTime:0.018001s ]

[ 2017-05-31T11:13:42+08:00 ] 127.0.0.1 /index.php/Admin/Category/add.html
INFO: [ app_init ] --START--
INFO: Run Behavior\BuildLiteBehavior [ RunTime:0.000000s ]
INFO: [ app_init ] --END-- [ RunTime:0.001000s ]
INFO: [ app_begin ] --START--
INFO: Run Behavior\ReadHtmlCacheBehavior [ RunTime:0.002000s ]
INFO: [ app_begin ] --END-- [ RunTime:0.002000s ]
SQL: SHOW COLUMNS FROM `category` [ RunTime:0.0030s ]
SQL: SELECT * FROM `category`  [ RunTime:0.0000s ]
INFO: [ view_parse ] --START--
INFO: [ template_filter ] --START--
INFO: Run Behavior\ContentReplaceBehavior [ RunTime:0.000000s ]
INFO: [ template_filter ] --END-- [ RunTime:0.001000s ]
INFO: Run Behavior\ParseTemplateBehavior [ RunTime:0.008000s ]
INFO: [ view_parse ] --END-- [ RunTime:0.008000s ]
INFO: [ view_filter ] --START--
INFO: Run Behavior\WriteHtmlCacheBehavior [ RunTime:0.000000s ]
INFO: [ view_filter ] --END-- [ RunTime:0.001000s ]
INFO: [ app_end ] --START--
INFO: Run Behavior\ShowPageTraceBehavior [ RunTime:0.001000s ]
INFO: [ app_end ] --END-- [ RunTime:0.001000s ]

[ 2017-05-31T11:13:59+08:00 ] 127.0.0.1 /index.php/Admin/Category/index.html
INFO: [ app_init ] --START--
INFO: Run Behavior\BuildLiteBehavior [ RunTime:0.000000s ]
INFO: [ app_init ] --END-- [ RunTime:0.001000s ]
INFO: [ app_begin ] --START--
INFO: Run Behavior\ReadHtmlCacheBehavior [ RunTime:0.001000s ]
INFO: [ app_begin ] --END-- [ RunTime:0.001000s ]
SQL: SHOW COLUMNS FROM `category` [ RunTime:0.0030s ]
SQL: SELECT COUNT(*) AS tp_count FROM `category` LIMIT 1   [ RunTime:0.0010s ]
SQL: SELECT * FROM `category` LIMIT 0,2   [ RunTime:0.0000s ]
INFO: [ view_parse ] --START--
INFO: [ template_filter ] --START--
INFO: Run Behavior\ContentReplaceBehavior [ RunTime:0.001000s ]
INFO: [ template_filter ] --END-- [ RunTime:0.001000s ]
NOTIC: [8] Use of undefined constant id - assumed 'id' D:\0201\www.125.com\Application\Runtime\Cache\Admin\9bfef0f9f473c596f668b6c9a32bfd5c.php 第 37 行.
NOTIC: [8] Use of undefined constant id - assumed 'id' D:\0201\www.125.com\Application\Runtime\Cache\Admin\9bfef0f9f473c596f668b6c9a32bfd5c.php 第 37 行.
INFO: Run Behavior\ParseTemplateBehavior [ RunTime:0.010001s ]
INFO: [ view_parse ] --END-- [ RunTime:0.010001s ]
INFO: [ view_filter ] --START--
INFO: Run Behavior\WriteHtmlCacheBehavior [ RunTime:0.000000s ]
INFO: [ view_filter ] --END-- [ RunTime:0.000000s ]
INFO: [ app_end ] --START--
INFO: Run Behavior\ShowPageTraceBehavior [ RunTime:0.000000s ]
INFO: [ app_end ] --END-- [ RunTime:0.001000s ]

[ 2017-05-31T11:14:00+08:00 ] 127.0.0.1 /index.php/Admin/Category/edit/id/1.html
INFO: [ app_init ] --START--
INFO: Run Behavior\BuildLiteBehavior [ RunTime:0.000000s ]
INFO: [ app_init ] --END-- [ RunTime:0.000000s ]
INFO: [ app_begin ] --START--
INFO: Run Behavior\ReadHtmlCacheBehavior [ RunTime:0.001000s ]
INFO: [ app_begin ] --END-- [ RunTime:0.001000s ]
ERR: 模板不存在:./Application/Admin/View/Category/edit.html

[ 2017-05-31T11:14:29+08:00 ] 127.0.0.1 /index.php/Admin/Category/edit/id/1.html
INFO: [ app_init ] --START--
INFO: Run Behavior\BuildLiteBehavior [ RunTime:0.000000s ]
INFO: [ app_init ] --END-- [ RunTime:0.000000s ]
INFO: [ app_begin ] --START--
INFO: Run Behavior\ReadHtmlCacheBehavior [ RunTime:0.001000s ]
INFO: [ app_begin ] --END-- [ RunTime:0.001000s ]
NOTIC: [8] Use of undefined constant add - assumed 'add' D:\0201\www.125.com\Application\Admin\Controller\CategoryController.class.php 第 89 行.
INFO: [ view_parse ] --START--
INFO: [ template_filter ] --START--
INFO: Run Behavior\ContentReplaceBehavior [ RunTime:0.000000s ]
INFO: [ template_filter ] --END-- [ RunTime:0.000000s ]
NOTIC: [8] Undefined variable: cate D:\0201\www.125.com\Application\Runtime\Cache\Admin\95612c4b24bfa83d0c6f94203c668e18.php 第 26 行.
INFO: Run Behavior\ParseTemplateBehavior [ RunTime:0.014001s ]
INFO: [ view_parse ] --END-- [ RunTime:0.014001s ]
INFO: [ view_filter ] --START--
INFO: Run Behavior\WriteHtmlCacheBehavior [ RunTime:0.001000s ]
INFO: [ view_filter ] --END-- [ RunTime:0.001000s ]
INFO: [ app_end ] --START--
INFO: Run Behavior\ShowPageTraceBehavior [ RunTime:0.000000s ]
INFO: [ app_end ] --END-- [ RunTime:0.001000s ]

