[ 2017-06-13T09:14:12+08:00 ] 127.0.0.1 /favicon.ico
INFO: [ app_init ] --START--
INFO: Run Behavior\BuildLiteBehavior [ RunTime:0.000000s ]
INFO: [ app_init ] --END-- [ RunTime:0.001000s ]
ERR: 无法加载模块:Favicon

[ 2017-06-13T09:43:43+08:00 ] 127.0.0.1 /Public/Admin/Huploadify/images/btnbg.png
INFO: [ app_init ] --START--
INFO: Run Behavior\BuildLiteBehavior [ RunTime:0.001000s ]
INFO: [ app_init ] --END-- [ RunTime:0.002000s ]
ERR: 无法加载模块:Public

[ 2017-06-13T09:44:14+08:00 ] 127.0.0.1 /Public/Admin/Huploadify/images/btnbg.png
INFO: [ app_init ] --START--
INFO: Run Behavior\BuildLiteBehavior [ RunTime:0.000000s ]
INFO: [ app_init ] --END-- [ RunTime:0.001001s ]
ERR: 无法加载模块:Public

[ 2017-06-13T09:45:58+08:00 ] 127.0.0.1 /Public/Admin/Huploadify/images/btnbg.png
INFO: [ app_init ] --START--
INFO: Run Behavior\BuildLiteBehavior [ RunTime:0.000000s ]
INFO: [ app_init ] --END-- [ RunTime:0.001000s ]
ERR: 无法加载模块:Public

[ 2017-06-13T09:53:21+08:00 ] 127.0.0.1 /Public/Admin/Huploadify/images/btnbg.png
INFO: [ app_init ] --START--
INFO: Run Behavior\BuildLiteBehavior [ RunTime:0.000000s ]
INFO: [ app_init ] --END-- [ RunTime:0.001000s ]
ERR: 无法加载模块:Public

[ 2017-06-13T10:13:23+08:00 ] 127.0.0.1 /Public/Admin/Huploadify/images/btnbg.png
INFO: [ app_init ] --START--
INFO: Run Behavior\BuildLiteBehavior [ RunTime:0.000000s ]
INFO: [ app_init ] --END-- [ RunTime:0.001000s ]
ERR: 无法加载模块:Public

[ 2017-06-13T10:15:17+08:00 ] 127.0.0.1 /Public/Admin/Huploadify/images/btnbg.png
INFO: [ app_init ] --START--
INFO: Run Behavior\BuildLiteBehavior [ RunTime:0.000000s ]
INFO: [ app_init ] --END-- [ RunTime:0.011000s ]
ERR: 无法加载模块:Public

[ 2017-06-13T10:32:29+08:00 ] 127.0.0.1 /Public/Admin/Huploadify/images/btnbg.png
INFO: [ app_init ] --START--
INFO: Run Behavior\BuildLiteBehavior [ RunTime:0.000000s ]
INFO: [ app_init ] --END-- [ RunTime:0.001000s ]
ERR: 无法加载模块:Public

[ 2017-06-13T10:43:00+08:00 ] 127.0.0.1 /Public/Admin/Huploadify/images/btnbg.png
INFO: [ app_init ] --START--
INFO: Run Behavior\BuildLiteBehavior [ RunTime:0.000000s ]
INFO: [ app_init ] --END-- [ RunTime:0.001000s ]
ERR: 无法加载模块:Public

[ 2017-06-13T11:34:03+08:00 ] 127.0.0.1 /Public/Admin/Huploadify/images/btnbg.png
INFO: [ app_init ] --START--
INFO: Run Behavior\BuildLiteBehavior [ RunTime:0.000000s ]
INFO: [ app_init ] --END-- [ RunTime:0.001000s ]
ERR: 无法加载模块:Public

[ 2017-06-13T11:37:09+08:00 ] 127.0.0.1 /Public/Admin/Huploadify/images/btnbg.png
INFO: [ app_init ] --START--
INFO: Run Behavior\BuildLiteBehavior [ RunTime:0.001000s ]
INFO: [ app_init ] --END-- [ RunTime:0.001000s ]
ERR: 无法加载模块:Public

[ 2017-06-13T13:15:22+08:00 ] 127.0.0.1 /favicon.ico
INFO: [ app_init ] --START--
INFO: Run Behavior\BuildLiteBehavior [ RunTime:0.000000s ]
INFO: [ app_init ] --END-- [ RunTime:0.013001s ]
ERR: 无法加载模块:Favicon

[ 2017-06-13T19:15:35+08:00 ] 127.0.0.1 /favicon.ico
INFO: [ app_init ] --START--
INFO: Run Behavior\BuildLiteBehavior [ RunTime:0.000000s ]
INFO: [ app_init ] --END-- [ RunTime:0.000000s ]
ERR: 无法加载模块:Favicon

[ 2017-06-13T20:01:41+08:00 ] 127.0.0.1 /Public/Admin/jquery/2.1.1/jquery.min.js
INFO: [ app_init ] --START--
INFO: Run Behavior\BuildLiteBehavior [ RunTime:0.000000s ]
INFO: [ app_init ] --END-- [ RunTime:0.001000s ]
ERR: 无法加载模块:Public

[ 2017-06-13T20:01:41+08:00 ] 127.0.0.1 /Public/Admin/foundation/5.5.3/js/foundation.min.js
INFO: [ app_init ] --START--
INFO: Run Behavior\BuildLiteBehavior [ RunTime:0.000000s ]
INFO: [ app_init ] --END-- [ RunTime:0.016001s ]
ERR: 无法加载模块:Public

[ 2017-06-13T20:01:41+08:00 ] 127.0.0.1 /Public/Admin/foundation/5.5.3/js/vendor/modernizr.js
INFO: [ app_init ] --START--
INFO: Run Behavior\BuildLiteBehavior [ RunTime:0.000000s ]
INFO: [ app_init ] --END-- [ RunTime:0.002000s ]
ERR: 无法加载模块:Public

[ 2017-06-13T20:04:45+08:00 ] 127.0.0.1 /Public/Admin/jquery/2.1.1/jquery.min.js
INFO: [ app_init ] --START--
INFO: Run Behavior\BuildLiteBehavior [ RunTime:0.000000s ]
INFO: [ app_init ] --END-- [ RunTime:0.001000s ]
ERR: 无法加载模块:Public

[ 2017-06-13T20:04:45+08:00 ] 127.0.0.1 /Public/Admin/foundation/5.5.3/js/foundation.min.js
INFO: [ app_init ] --START--
INFO: Run Behavior\BuildLiteBehavior [ RunTime:0.000000s ]
INFO: [ app_init ] --END-- [ RunTime:0.001000s ]
ERR: 无法加载模块:Public

[ 2017-06-13T20:04:45+08:00 ] 127.0.0.1 /Public/Admin/foundation/5.5.3/js/vendor/modernizr.js
INFO: [ app_init ] --START--
INFO: Run Behavior\BuildLiteBehavior [ RunTime:0.000000s ]
INFO: [ app_init ] --END-- [ RunTime:0.002000s ]
ERR: 无法加载模块:Public

[ 2017-06-13T20:04:54+08:00 ] 127.0.0.1 /Public/Admin/jquery/2.1.1/jquery.min.js
INFO: [ app_init ] --START--
INFO: Run Behavior\BuildLiteBehavior [ RunTime:0.000000s ]
INFO: [ app_init ] --END-- [ RunTime:0.001000s ]
ERR: 无法加载模块:Public

[ 2017-06-13T20:04:54+08:00 ] 127.0.0.1 /Public/Admin/foundation/5.5.3/js/vendor/modernizr.js
INFO: [ app_init ] --START--
INFO: Run Behavior\BuildLiteBehavior [ RunTime:0.000000s ]
INFO: [ app_init ] --END-- [ RunTime:0.000000s ]
ERR: 无法加载模块:Public

[ 2017-06-13T20:04:54+08:00 ] 127.0.0.1 /Public/Admin/foundation/5.5.3/js/foundation.min.js
INFO: [ app_init ] --START--
INFO: Run Behavior\BuildLiteBehavior [ RunTime:0.000000s ]
INFO: [ app_init ] --END-- [ RunTime:0.000000s ]
ERR: 无法加载模块:Public

[ 2017-06-13T20:04:54+08:00 ] 127.0.0.1 /Public/Admin/foundation/5.5.3/js/vendor/modernizr.js
INFO: [ app_init ] --START--
INFO: Run Behavior\BuildLiteBehavior [ RunTime:0.000000s ]
INFO: [ app_init ] --END-- [ RunTime:0.001000s ]
ERR: 无法加载模块:Public

[ 2017-06-13T20:04:59+08:00 ] 127.0.0.1 /Public/Admin/jquery/2.1.1/jquery.min.js
INFO: [ app_init ] --START--
INFO: Run Behavior\BuildLiteBehavior [ RunTime:0.000000s ]
INFO: [ app_init ] --END-- [ RunTime:0.001000s ]
ERR: 无法加载模块:Public

[ 2017-06-13T20:04:59+08:00 ] 127.0.0.1 /Public/Admin/foundation/5.5.3/js/foundation.min.js
INFO: [ app_init ] --START--
INFO: Run Behavior\BuildLiteBehavior [ RunTime:0.000000s ]
INFO: [ app_init ] --END-- [ RunTime:0.001000s ]
ERR: 无法加载模块:Public

[ 2017-06-13T20:04:59+08:00 ] 127.0.0.1 /Public/Admin/foundation/5.5.3/js/vendor/modernizr.js
INFO: [ app_init ] --START--
INFO: Run Behavior\BuildLiteBehavior [ RunTime:0.000000s ]
INFO: [ app_init ] --END-- [ RunTime:0.001000s ]
ERR: 无法加载模块:Public

[ 2017-06-13T20:05:01+08:00 ] 127.0.0.1 /Public/Admin/jquery/2.1.1/jquery.min.js
INFO: [ app_init ] --START--
INFO: Run Behavior\BuildLiteBehavior [ RunTime:0.000000s ]
INFO: [ app_init ] --END-- [ RunTime:0.000000s ]
ERR: 无法加载模块:Public

[ 2017-06-13T20:05:01+08:00 ] 127.0.0.1 /Public/Admin/foundation/5.5.3/js/vendor/modernizr.js
INFO: [ app_init ] --START--
INFO: Run Behavior\BuildLiteBehavior [ RunTime:0.000000s ]
INFO: [ app_init ] --END-- [ RunTime:0.001000s ]
ERR: 无法加载模块:Public

[ 2017-06-13T20:05:01+08:00 ] 127.0.0.1 /Public/Admin/foundation/5.5.3/js/foundation.min.js
INFO: [ app_init ] --START--
INFO: Run Behavior\BuildLiteBehavior [ RunTime:0.000000s ]
INFO: [ app_init ] --END-- [ RunTime:0.000000s ]
ERR: 无法加载模块:Public

[ 2017-06-13T20:05:01+08:00 ] 127.0.0.1 /Public/Admin/foundation/5.5.3/js/vendor/modernizr.js
INFO: [ app_init ] --START--
INFO: Run Behavior\BuildLiteBehavior [ RunTime:0.000000s ]
INFO: [ app_init ] --END-- [ RunTime:0.001000s ]
ERR: 无法加载模块:Public

[ 2017-06-13T20:06:18+08:00 ] 127.0.0.1 /Public/Admin/jquery/2.1.1/jquery.min.js
INFO: [ app_init ] --START--
INFO: Run Behavior\BuildLiteBehavior [ RunTime:0.000000s ]
INFO: [ app_init ] --END-- [ RunTime:0.001000s ]
ERR: 无法加载模块:Public

[ 2017-06-13T20:06:18+08:00 ] 127.0.0.1 /Public/Admin/foundation/5.5.3/js/vendor/modernizr.js
INFO: [ app_init ] --START--
INFO: Run Behavior\BuildLiteBehavior [ RunTime:0.000000s ]
INFO: [ app_init ] --END-- [ RunTime:0.000000s ]
ERR: 无法加载模块:Public

[ 2017-06-13T20:06:18+08:00 ] 127.0.0.1 /Public/Admin/foundation/5.5.3/js/foundation.min.js
INFO: [ app_init ] --START--
INFO: Run Behavior\BuildLiteBehavior [ RunTime:0.000000s ]
INFO: [ app_init ] --END-- [ RunTime:0.000000s ]
ERR: 无法加载模块:Public

[ 2017-06-13T20:06:18+08:00 ] 127.0.0.1 /Public/Admin/foundation/5.5.3/js/vendor/modernizr.js
INFO: [ app_init ] --START--
INFO: Run Behavior\BuildLiteBehavior [ RunTime:0.000000s ]
INFO: [ app_init ] --END-- [ RunTime:0.000000s ]
ERR: 无法加载模块:Public

[ 2017-06-13T20:06:26+08:00 ] 127.0.0.1 /Public/Admin/jquery/2.1.1/jquery.min.js
INFO: [ app_init ] --START--
INFO: Run Behavior\BuildLiteBehavior [ RunTime:0.000000s ]
INFO: [ app_init ] --END-- [ RunTime:0.001000s ]
ERR: 无法加载模块:Public

[ 2017-06-13T20:06:26+08:00 ] 127.0.0.1 /Public/Admin/foundation/5.5.3/js/foundation.min.js
INFO: [ app_init ] --START--
INFO: Run Behavior\BuildLiteBehavior [ RunTime:0.000000s ]
INFO: [ app_init ] --END-- [ RunTime:0.001001s ]
ERR: 无法加载模块:Public

[ 2017-06-13T20:06:26+08:00 ] 127.0.0.1 /Public/Admin/foundation/5.5.3/js/vendor/modernizr.js
INFO: [ app_init ] --START--
INFO: Run Behavior\BuildLiteBehavior [ RunTime:0.000000s ]
INFO: [ app_init ] --END-- [ RunTime:0.000000s ]
ERR: 无法加载模块:Public

[ 2017-06-13T20:06:26+08:00 ] 127.0.0.1 /Public/Admin/foundation/5.5.3/js/foundation.min.js
INFO: [ app_init ] --START--
INFO: Run Behavior\BuildLiteBehavior [ RunTime:0.000000s ]
INFO: [ app_init ] --END-- [ RunTime:0.001000s ]
ERR: 无法加载模块:Public

[ 2017-06-13T20:06:26+08:00 ] 127.0.0.1 /Public/Admin/foundation/5.5.3/js/vendor/modernizr.js
INFO: [ app_init ] --START--
INFO: Run Behavior\BuildLiteBehavior [ RunTime:0.000000s ]
INFO: [ app_init ] --END-- [ RunTime:0.001000s ]
ERR: 无法加载模块:Public

[ 2017-06-13T20:06:26+08:00 ] 127.0.0.1 /Public/Admin/jquery/2.1.1/jquery.min.js
INFO: [ app_init ] --START--
INFO: Run Behavior\BuildLiteBehavior [ RunTime:0.000000s ]
INFO: [ app_init ] --END-- [ RunTime:0.000000s ]
ERR: 无法加载模块:Public

[ 2017-06-13T20:06:26+08:00 ] 127.0.0.1 /Public/Admin/foundation/5.5.3/js/foundation.min.js
INFO: [ app_init ] --START--
INFO: Run Behavior\BuildLiteBehavior [ RunTime:0.000000s ]
INFO: [ app_init ] --END-- [ RunTime:0.000000s ]
ERR: 无法加载模块:Public

[ 2017-06-13T20:06:26+08:00 ] 127.0.0.1 /Public/Admin/foundation/5.5.3/js/vendor/modernizr.js
INFO: [ app_init ] --START--
INFO: Run Behavior\BuildLiteBehavior [ RunTime:0.000000s ]
INFO: [ app_init ] --END-- [ RunTime:0.001000s ]
ERR: 无法加载模块:Public

[ 2017-06-13T20:06:27+08:00 ] 127.0.0.1 /Public/Admin/jquery/2.1.1/jquery.min.js
INFO: [ app_init ] --START--
INFO: Run Behavior\BuildLiteBehavior [ RunTime:0.000000s ]
INFO: [ app_init ] --END-- [ RunTime:0.000000s ]
ERR: 无法加载模块:Public

[ 2017-06-13T20:06:27+08:00 ] 127.0.0.1 /Public/Admin/foundation/5.5.3/js/vendor/modernizr.js
INFO: [ app_init ] --START--
INFO: Run Behavior\BuildLiteBehavior [ RunTime:0.000000s ]
INFO: [ app_init ] --END-- [ RunTime:0.001000s ]
ERR: 无法加载模块:Public

[ 2017-06-13T20:06:27+08:00 ] 127.0.0.1 /Public/Admin/foundation/5.5.3/js/foundation.min.js
INFO: [ app_init ] --START--
INFO: Run Behavior\BuildLiteBehavior [ RunTime:0.000000s ]
INFO: [ app_init ] --END-- [ RunTime:0.001000s ]
ERR: 无法加载模块:Public

[ 2017-06-13T20:06:27+08:00 ] 127.0.0.1 /Public/Admin/foundation/5.5.3/js/vendor/modernizr.js
INFO: [ app_init ] --START--
INFO: Run Behavior\BuildLiteBehavior [ RunTime:0.000000s ]
INFO: [ app_init ] --END-- [ RunTime:0.000000s ]
ERR: 无法加载模块:Public

[ 2017-06-13T20:06:54+08:00 ] 127.0.0.1 /Public/Admin/foundation/5.5.3/js/foundation.min.js
INFO: [ app_init ] --START--
INFO: Run Behavior\BuildLiteBehavior [ RunTime:0.000000s ]
INFO: [ app_init ] --END-- [ RunTime:0.000000s ]
ERR: 无法加载模块:Public

[ 2017-06-13T20:06:54+08:00 ] 127.0.0.1 /Public/Admin/foundation/5.5.3/js/vendor/modernizr.js
INFO: [ app_init ] --START--
INFO: Run Behavior\BuildLiteBehavior [ RunTime:0.000000s ]
INFO: [ app_init ] --END-- [ RunTime:0.001000s ]
ERR: 无法加载模块:Public

[ 2017-06-13T20:06:55+08:00 ] 127.0.0.1 /Public/Admin/jquery/2.1.1/jquery.min.js
INFO: [ app_init ] --START--
INFO: Run Behavior\BuildLiteBehavior [ RunTime:0.000000s ]
INFO: [ app_init ] --END-- [ RunTime:0.001000s ]
ERR: 无法加载模块:Public

[ 2017-06-13T20:06:55+08:00 ] 127.0.0.1 /Public/Admin/foundation/5.5.3/js/foundation.min.js
INFO: [ app_init ] --START--
INFO: Run Behavior\BuildLiteBehavior [ RunTime:0.000000s ]
INFO: [ app_init ] --END-- [ RunTime:0.001000s ]
ERR: 无法加载模块:Public

[ 2017-06-13T20:06:55+08:00 ] 127.0.0.1 /Public/Admin/foundation/5.5.3/js/vendor/modernizr.js
INFO: [ app_init ] --START--
INFO: Run Behavior\BuildLiteBehavior [ RunTime:0.000000s ]
INFO: [ app_init ] --END-- [ RunTime:0.001000s ]
ERR: 无法加载模块:Public

[ 2017-06-13T20:07:13+08:00 ] 127.0.0.1 /Public/Admin/jquery/2.1.1/jquery.min.js
INFO: [ app_init ] --START--
INFO: Run Behavior\BuildLiteBehavior [ RunTime:0.000000s ]
INFO: [ app_init ] --END-- [ RunTime:0.000000s ]
ERR: 无法加载模块:Public

[ 2017-06-13T20:07:13+08:00 ] 127.0.0.1 /Public/Admin/foundation/5.5.3/js/foundation.min.js
INFO: [ app_init ] --START--
INFO: Run Behavior\BuildLiteBehavior [ RunTime:0.000000s ]
INFO: [ app_init ] --END-- [ RunTime:0.001000s ]
ERR: 无法加载模块:Public

[ 2017-06-13T20:07:13+08:00 ] 127.0.0.1 /Public/Admin/foundation/5.5.3/js/vendor/modernizr.js
INFO: [ app_init ] --START--
INFO: Run Behavior\BuildLiteBehavior [ RunTime:0.000000s ]
INFO: [ app_init ] --END-- [ RunTime:0.001001s ]
ERR: 无法加载模块:Public

[ 2017-06-13T20:07:39+08:00 ] 127.0.0.1 /Public/Admin/jquery/2.1.1/jquery.min.js
INFO: [ app_init ] --START--
INFO: Run Behavior\BuildLiteBehavior [ RunTime:0.000000s ]
INFO: [ app_init ] --END-- [ RunTime:0.000000s ]
ERR: 无法加载模块:Public

[ 2017-06-13T20:07:39+08:00 ] 127.0.0.1 /Public/Admin/foundation/5.5.3/js/vendor/modernizr.js
INFO: [ app_init ] --START--
INFO: Run Behavior\BuildLiteBehavior [ RunTime:0.000000s ]
INFO: [ app_init ] --END-- [ RunTime:0.001000s ]
ERR: 无法加载模块:Public

[ 2017-06-13T20:07:39+08:00 ] 127.0.0.1 /Public/Admin/foundation/5.5.3/js/foundation.min.js
INFO: [ app_init ] --START--
INFO: Run Behavior\BuildLiteBehavior [ RunTime:0.000000s ]
INFO: [ app_init ] --END-- [ RunTime:0.001000s ]
ERR: 无法加载模块:Public

[ 2017-06-13T20:07:39+08:00 ] 127.0.0.1 /Public/Admin/foundation/5.5.3/js/vendor/modernizr.js
INFO: [ app_init ] --START--
INFO: Run Behavior\BuildLiteBehavior [ RunTime:0.000000s ]
INFO: [ app_init ] --END-- [ RunTime:0.001000s ]
ERR: 无法加载模块:Public

[ 2017-06-13T20:07:48+08:00 ] 127.0.0.1 /Public/Admin/foundation/5.5.3/js/vendor/modernizr.js
INFO: [ app_init ] --START--
INFO: Run Behavior\BuildLiteBehavior [ RunTime:0.000000s ]
INFO: [ app_init ] --END-- [ RunTime:0.000000s ]
ERR: 无法加载模块:Public

[ 2017-06-13T20:07:48+08:00 ] 127.0.0.1 /Public/Admin/jquery/2.1.1/jquery.min.js
INFO: [ app_init ] --START--
INFO: Run Behavior\BuildLiteBehavior [ RunTime:0.000000s ]
INFO: [ app_init ] --END-- [ RunTime:0.001000s ]
ERR: 无法加载模块:Public

[ 2017-06-13T20:07:48+08:00 ] 127.0.0.1 /Public/Admin/foundation/5.5.3/js/foundation.min.js
INFO: [ app_init ] --START--
INFO: Run Behavior\BuildLiteBehavior [ RunTime:0.000000s ]
INFO: [ app_init ] --END-- [ RunTime:0.001000s ]
ERR: 无法加载模块:Public

[ 2017-06-13T20:07:48+08:00 ] 127.0.0.1 /Public/Admin/foundation/5.5.3/js/vendor/modernizr.js
INFO: [ app_init ] --START--
INFO: Run Behavior\BuildLiteBehavior [ RunTime:0.000000s ]
INFO: [ app_init ] --END-- [ RunTime:0.000000s ]
ERR: 无法加载模块:Public

[ 2017-06-13T20:08:07+08:00 ] 127.0.0.1 /Public/Admin/jquery/2.1.1/jquery.min.js
INFO: [ app_init ] --START--
INFO: Run Behavior\BuildLiteBehavior [ RunTime:0.000000s ]
INFO: [ app_init ] --END-- [ RunTime:0.000000s ]
ERR: 无法加载模块:Public

[ 2017-06-13T20:08:07+08:00 ] 127.0.0.1 /Public/Admin/foundation/5.5.3/js/vendor/modernizr.js
INFO: [ app_init ] --START--
INFO: Run Behavior\BuildLiteBehavior [ RunTime:0.000000s ]
INFO: [ app_init ] --END-- [ RunTime:0.001000s ]
ERR: 无法加载模块:Public

[ 2017-06-13T20:08:07+08:00 ] 127.0.0.1 /Public/Admin/foundation/5.5.3/js/foundation.min.js
INFO: [ app_init ] --START--
INFO: Run Behavior\BuildLiteBehavior [ RunTime:0.000000s ]
INFO: [ app_init ] --END-- [ RunTime:0.001000s ]
ERR: 无法加载模块:Public

[ 2017-06-13T20:08:07+08:00 ] 127.0.0.1 /Public/Admin/foundation/5.5.3/js/vendor/modernizr.js
INFO: [ app_init ] --START--
INFO: Run Behavior\BuildLiteBehavior [ RunTime:0.000000s ]
INFO: [ app_init ] --END-- [ RunTime:0.001000s ]
ERR: 无法加载模块:Public

[ 2017-06-13T20:08:32+08:00 ] 127.0.0.1 /Public/Admin/foundation/5.5.3/js/vendor/modernizr.js
INFO: [ app_init ] --START--
INFO: Run Behavior\BuildLiteBehavior [ RunTime:0.000000s ]
INFO: [ app_init ] --END-- [ RunTime:0.001000s ]
ERR: 无法加载模块:Public

[ 2017-06-13T20:08:32+08:00 ] 127.0.0.1 /Public/Admin/foundation/5.5.3/js/foundation.min.js
INFO: [ app_init ] --START--
INFO: Run Behavior\BuildLiteBehavior [ RunTime:0.000000s ]
INFO: [ app_init ] --END-- [ RunTime:0.000000s ]
ERR: 无法加载模块:Public

[ 2017-06-13T20:08:32+08:00 ] 127.0.0.1 /Public/Admin/jquery/2.1.1/jquery.min.js
INFO: [ app_init ] --START--
INFO: Run Behavior\BuildLiteBehavior [ RunTime:0.000000s ]
INFO: [ app_init ] --END-- [ RunTime:0.001000s ]
ERR: 无法加载模块:Public

[ 2017-06-13T20:08:32+08:00 ] 127.0.0.1 /Public/Admin/foundation/5.5.3/js/foundation.min.js
INFO: [ app_init ] --START--
INFO: Run Behavior\BuildLiteBehavior [ RunTime:0.000000s ]
INFO: [ app_init ] --END-- [ RunTime:0.001000s ]
ERR: 无法加载模块:Public

[ 2017-06-13T20:08:32+08:00 ] 127.0.0.1 /Public/Admin/foundation/5.5.3/js/vendor/modernizr.js
INFO: [ app_init ] --START--
INFO: Run Behavior\BuildLiteBehavior [ RunTime:0.000000s ]
INFO: [ app_init ] --END-- [ RunTime:0.001000s ]
ERR: 无法加载模块:Public

[ 2017-06-13T20:09:05+08:00 ] 127.0.0.1 /Public/Admin/foundation/5.5.3/js/foundation.min.js
INFO: [ app_init ] --START--
INFO: Run Behavior\BuildLiteBehavior [ RunTime:0.000000s ]
INFO: [ app_init ] --END-- [ RunTime:0.001000s ]
ERR: 无法加载模块:Public

[ 2017-06-13T20:09:05+08:00 ] 127.0.0.1 /Public/Admin/jquery/2.1.1/jquery.min.js
INFO: [ app_init ] --START--
INFO: Run Behavior\BuildLiteBehavior [ RunTime:0.000000s ]
INFO: [ app_init ] --END-- [ RunTime:0.001000s ]
ERR: 无法加载模块:Public

[ 2017-06-13T20:09:05+08:00 ] 127.0.0.1 /Public/Admin/foundation/5.5.3/js/vendor/modernizr.js
INFO: [ app_init ] --START--
INFO: Run Behavior\BuildLiteBehavior [ RunTime:0.000000s ]
INFO: [ app_init ] --END-- [ RunTime:0.002000s ]
ERR: 无法加载模块:Public

[ 2017-06-13T20:09:05+08:00 ] 127.0.0.1 /Public/Admin/foundation/5.5.3/js/foundation.min.js
INFO: [ app_init ] --START--
INFO: Run Behavior\BuildLiteBehavior [ RunTime:0.000000s ]
INFO: [ app_init ] --END-- [ RunTime:0.001000s ]
ERR: 无法加载模块:Public

[ 2017-06-13T20:09:05+08:00 ] 127.0.0.1 /Public/Admin/foundation/5.5.3/js/vendor/modernizr.js
INFO: [ app_init ] --START--
INFO: Run Behavior\BuildLiteBehavior [ RunTime:0.000000s ]
INFO: [ app_init ] --END-- [ RunTime:0.001000s ]
ERR: 无法加载模块:Public

[ 2017-06-13T20:09:09+08:00 ] 127.0.0.1 /Public/Admin/jquery/2.1.1/jquery.min.js
INFO: [ app_init ] --START--
INFO: Run Behavior\BuildLiteBehavior [ RunTime:0.000000s ]
INFO: [ app_init ] --END-- [ RunTime:0.001000s ]
ERR: 无法加载模块:Public

[ 2017-06-13T20:09:09+08:00 ] 127.0.0.1 /Public/Admin/foundation/5.5.3/js/vendor/modernizr.js
INFO: [ app_init ] --START--
INFO: Run Behavior\BuildLiteBehavior [ RunTime:0.000000s ]
INFO: [ app_init ] --END-- [ RunTime:0.000000s ]
ERR: 无法加载模块:Public

[ 2017-06-13T20:09:09+08:00 ] 127.0.0.1 /Public/Admin/foundation/5.5.3/js/foundation.min.js
INFO: [ app_init ] --START--
INFO: Run Behavior\BuildLiteBehavior [ RunTime:0.000000s ]
INFO: [ app_init ] --END-- [ RunTime:0.001000s ]
ERR: 无法加载模块:Public

[ 2017-06-13T20:09:09+08:00 ] 127.0.0.1 /Public/Admin/foundation/5.5.3/js/vendor/modernizr.js
INFO: [ app_init ] --START--
INFO: Run Behavior\BuildLiteBehavior [ RunTime:0.000000s ]
INFO: [ app_init ] --END-- [ RunTime:0.001000s ]
ERR: 无法加载模块:Public

[ 2017-06-13T20:09:09+08:00 ] 127.0.0.1 /Public/Admin/foundation/5.5.3/js/foundation.min.js
INFO: [ app_init ] --START--
INFO: Run Behavior\BuildLiteBehavior [ RunTime:0.000000s ]
INFO: [ app_init ] --END-- [ RunTime:0.000000s ]
ERR: 无法加载模块:Public

[ 2017-06-13T20:09:09+08:00 ] 127.0.0.1 /Public/Admin/foundation/5.5.3/js/vendor/modernizr.js
INFO: [ app_init ] --START--
INFO: Run Behavior\BuildLiteBehavior [ RunTime:0.000000s ]
INFO: [ app_init ] --END-- [ RunTime:0.001000s ]
ERR: 无法加载模块:Public

[ 2017-06-13T20:09:09+08:00 ] 127.0.0.1 /Public/Admin/jquery/2.1.1/jquery.min.js
INFO: [ app_init ] --START--
INFO: Run Behavior\BuildLiteBehavior [ RunTime:0.001000s ]
INFO: [ app_init ] --END-- [ RunTime:0.001000s ]
ERR: 无法加载模块:Public

[ 2017-06-13T20:09:10+08:00 ] 127.0.0.1 /Public/Admin/foundation/5.5.3/js/foundation.min.js
INFO: [ app_init ] --START--
INFO: Run Behavior\BuildLiteBehavior [ RunTime:0.000000s ]
INFO: [ app_init ] --END-- [ RunTime:0.000000s ]
ERR: 无法加载模块:Public

[ 2017-06-13T20:09:10+08:00 ] 127.0.0.1 /Public/Admin/foundation/5.5.3/js/vendor/modernizr.js
INFO: [ app_init ] --START--
INFO: Run Behavior\BuildLiteBehavior [ RunTime:0.000000s ]
INFO: [ app_init ] --END-- [ RunTime:0.000000s ]
ERR: 无法加载模块:Public

[ 2017-06-13T20:13:14+08:00 ] 127.0.0.1 /Public/Admin/jquery/2.1.1/jquery.min.js
INFO: [ app_init ] --START--
INFO: Run Behavior\BuildLiteBehavior [ RunTime:0.000000s ]
INFO: [ app_init ] --END-- [ RunTime:0.000000s ]
ERR: 无法加载模块:Public

[ 2017-06-13T20:13:14+08:00 ] 127.0.0.1 /Public/Admin/foundation/5.5.3/js/foundation.min.js
INFO: [ app_init ] --START--
INFO: Run Behavior\BuildLiteBehavior [ RunTime:0.000000s ]
INFO: [ app_init ] --END-- [ RunTime:0.003000s ]
ERR: 无法加载模块:Public

[ 2017-06-13T20:13:14+08:00 ] 127.0.0.1 /Public/Admin/foundation/5.5.3/js/vendor/modernizr.js
INFO: [ app_init ] --START--
INFO: Run Behavior\BuildLiteBehavior [ RunTime:0.000000s ]
INFO: [ app_init ] --END-- [ RunTime:0.001001s ]
ERR: 无法加载模块:Public

[ 2017-06-13T20:13:16+08:00 ] 127.0.0.1 /Public/Admin/foundation/5.5.3/js/foundation.min.js
INFO: [ app_init ] --START--
INFO: Run Behavior\BuildLiteBehavior [ RunTime:0.000000s ]
INFO: [ app_init ] --END-- [ RunTime:0.000000s ]
ERR: 无法加载模块:Public

[ 2017-06-13T20:13:16+08:00 ] 127.0.0.1 /Public/Admin/foundation/5.5.3/js/vendor/modernizr.js
INFO: [ app_init ] --START--
INFO: Run Behavior\BuildLiteBehavior [ RunTime:0.001000s ]
INFO: [ app_init ] --END-- [ RunTime:0.001000s ]
ERR: 无法加载模块:Public

[ 2017-06-13T20:13:16+08:00 ] 127.0.0.1 /Public/Admin/jquery/2.1.1/jquery.min.js
INFO: [ app_init ] --START--
INFO: Run Behavior\BuildLiteBehavior [ RunTime:0.000000s ]
INFO: [ app_init ] --END-- [ RunTime:0.001000s ]
ERR: 无法加载模块:Public

[ 2017-06-13T20:13:16+08:00 ] 127.0.0.1 /Public/Admin/foundation/5.5.3/js/foundation.min.js
INFO: [ app_init ] --START--
INFO: Run Behavior\BuildLiteBehavior [ RunTime:0.000000s ]
INFO: [ app_init ] --END-- [ RunTime:0.001000s ]
ERR: 无法加载模块:Public

[ 2017-06-13T20:13:16+08:00 ] 127.0.0.1 /Public/Admin/foundation/5.5.3/js/vendor/modernizr.js
INFO: [ app_init ] --START--
INFO: Run Behavior\BuildLiteBehavior [ RunTime:0.000000s ]
INFO: [ app_init ] --END-- [ RunTime:0.001000s ]
ERR: 无法加载模块:Public

[ 2017-06-13T20:13:16+08:00 ] 127.0.0.1 /Public/Admin/foundation/5.5.3/js/vendor/modernizr.js
INFO: [ app_init ] --START--
INFO: Run Behavior\BuildLiteBehavior [ RunTime:0.000000s ]
INFO: [ app_init ] --END-- [ RunTime:0.000000s ]
ERR: 无法加载模块:Public

[ 2017-06-13T20:13:16+08:00 ] 127.0.0.1 /Public/Admin/foundation/5.5.3/js/foundation.min.js
INFO: [ app_init ] --START--
INFO: Run Behavior\BuildLiteBehavior [ RunTime:0.000000s ]
INFO: [ app_init ] --END-- [ RunTime:0.001000s ]
ERR: 无法加载模块:Public

[ 2017-06-13T20:13:16+08:00 ] 127.0.0.1 /Public/Admin/jquery/2.1.1/jquery.min.js
INFO: [ app_init ] --START--
INFO: Run Behavior\BuildLiteBehavior [ RunTime:0.001000s ]
INFO: [ app_init ] --END-- [ RunTime:0.001000s ]
ERR: 无法加载模块:Public

[ 2017-06-13T20:13:16+08:00 ] 127.0.0.1 /Public/Admin/foundation/5.5.3/js/foundation.min.js
INFO: [ app_init ] --START--
INFO: Run Behavior\BuildLiteBehavior [ RunTime:0.000000s ]
INFO: [ app_init ] --END-- [ RunTime:0.000000s ]
ERR: 无法加载模块:Public

[ 2017-06-13T20:13:16+08:00 ] 127.0.0.1 /Public/Admin/foundation/5.5.3/js/vendor/modernizr.js
INFO: [ app_init ] --START--
INFO: Run Behavior\BuildLiteBehavior [ RunTime:0.000000s ]
INFO: [ app_init ] --END-- [ RunTime:0.000000s ]
ERR: 无法加载模块:Public

[ 2017-06-13T20:15:33+08:00 ] 127.0.0.1 /Public/Admin/foundation/5.5.3/css/foundation.min.css
INFO: [ app_init ] --START--
INFO: Run Behavior\BuildLiteBehavior [ RunTime:0.000000s ]
INFO: [ app_init ] --END-- [ RunTime:0.001000s ]
ERR: 无法加载模块:Public

[ 2017-06-13T20:15:33+08:00 ] 127.0.0.1 /Public/Admin/jquery/2.1.1/jquery.min.js
INFO: [ app_init ] --START--
INFO: Run Behavior\BuildLiteBehavior [ RunTime:0.000000s ]
INFO: [ app_init ] --END-- [ RunTime:0.001000s ]
ERR: 无法加载模块:Public

[ 2017-06-13T20:15:33+08:00 ] 127.0.0.1 /Public/Admin/foundation/5.5.3/js/foundation.min.js
INFO: [ app_init ] --START--
INFO: Run Behavior\BuildLiteBehavior [ RunTime:0.000000s ]
INFO: [ app_init ] --END-- [ RunTime:0.001000s ]
ERR: 无法加载模块:Public

[ 2017-06-13T20:15:33+08:00 ] 127.0.0.1 /Public/Admin/foundation/5.5.3/js/vendor/modernizr.js
INFO: [ app_init ] --START--
INFO: Run Behavior\BuildLiteBehavior [ RunTime:0.000000s ]
INFO: [ app_init ] --END-- [ RunTime:0.000000s ]
ERR: 无法加载模块:Public

[ 2017-06-13T20:20:58+08:00 ] 127.0.0.1 /Public/Admin/foundation/5.5.3/css/foundation.min.css
INFO: [ app_init ] --START--
INFO: Run Behavior\BuildLiteBehavior [ RunTime:0.000000s ]
INFO: [ app_init ] --END-- [ RunTime:0.001000s ]
ERR: 无法加载模块:Public

[ 2017-06-13T20:20:58+08:00 ] 127.0.0.1 /Public/Admin/foundation/5.5.3/js/vendor/modernizr.js
INFO: [ app_init ] --START--
INFO: Run Behavior\BuildLiteBehavior [ RunTime:0.000000s ]
INFO: [ app_init ] --END-- [ RunTime:0.001000s ]
ERR: 无法加载模块:Public

[ 2017-06-13T20:20:58+08:00 ] 127.0.0.1 /Public/Admin/foundation/5.5.3/js/foundation.min.js
INFO: [ app_init ] --START--
INFO: Run Behavior\BuildLiteBehavior [ RunTime:0.000000s ]
INFO: [ app_init ] --END-- [ RunTime:0.001000s ]
ERR: 无法加载模块:Public

[ 2017-06-13T20:20:58+08:00 ] 127.0.0.1 /Public/Admin/jquery/2.1.1/jquery.min.js
INFO: [ app_init ] --START--
INFO: Run Behavior\BuildLiteBehavior [ RunTime:0.000000s ]
INFO: [ app_init ] --END-- [ RunTime:0.001000s ]
ERR: 无法加载模块:Public

[ 2017-06-13T20:20:58+08:00 ] 127.0.0.1 /Public/Admin/foundation/5.5.3/js/foundation.min.js
INFO: [ app_init ] --START--
INFO: Run Behavior\BuildLiteBehavior [ RunTime:0.000000s ]
INFO: [ app_init ] --END-- [ RunTime:0.000000s ]
ERR: 无法加载模块:Public

[ 2017-06-13T20:20:58+08:00 ] 127.0.0.1 /Public/Admin/foundation/5.5.3/js/vendor/modernizr.js
INFO: [ app_init ] --START--
INFO: Run Behavior\BuildLiteBehavior [ RunTime:0.000000s ]
INFO: [ app_init ] --END-- [ RunTime:0.001000s ]
ERR: 无法加载模块:Public

[ 2017-06-13T20:22:52+08:00 ] 127.0.0.1 /Public/Admin/foundation/5.5.3/js/foundation.min.js
INFO: [ app_init ] --START--
INFO: Run Behavior\BuildLiteBehavior [ RunTime:0.000000s ]
INFO: [ app_init ] --END-- [ RunTime:0.000000s ]
ERR: 无法加载模块:Public

[ 2017-06-13T20:22:52+08:00 ] 127.0.0.1 /Public/Admin/jquery/2.1.1/jquery.min.js
INFO: [ app_init ] --START--
INFO: Run Behavior\BuildLiteBehavior [ RunTime:0.000000s ]
INFO: [ app_init ] --END-- [ RunTime:0.001000s ]
ERR: 无法加载模块:Public

[ 2017-06-13T20:22:52+08:00 ] 127.0.0.1 /Public/Admin/foundation/5.5.3/css/foundation.min.css
INFO: [ app_init ] --START--
INFO: Run Behavior\BuildLiteBehavior [ RunTime:0.000000s ]
INFO: [ app_init ] --END-- [ RunTime:0.001000s ]
ERR: 无法加载模块:Public

[ 2017-06-13T20:22:52+08:00 ] 127.0.0.1 /Public/Admin/foundation/5.5.3/js/vendor/modernizr.js
INFO: [ app_init ] --START--
INFO: Run Behavior\BuildLiteBehavior [ RunTime:0.000000s ]
INFO: [ app_init ] --END-- [ RunTime:0.000000s ]
ERR: 无法加载模块:Public

[ 2017-06-13T20:22:52+08:00 ] 127.0.0.1 /Public/Admin/foundation/5.5.3/js/foundation.min.js
INFO: [ app_init ] --START--
INFO: Run Behavior\BuildLiteBehavior [ RunTime:0.000000s ]
INFO: [ app_init ] --END-- [ RunTime:0.000000s ]
ERR: 无法加载模块:Public

[ 2017-06-13T20:22:52+08:00 ] 127.0.0.1 /Public/Admin/foundation/5.5.3/js/vendor/modernizr.js
INFO: [ app_init ] --START--
INFO: Run Behavior\BuildLiteBehavior [ RunTime:0.000000s ]
INFO: [ app_init ] --END-- [ RunTime:0.000000s ]
ERR: 无法加载模块:Public

[ 2017-06-13T20:23:05+08:00 ] 127.0.0.1 /Public/Admin/foundation/5.5.3/css/foundation.min.css
INFO: [ app_init ] --START--
INFO: Run Behavior\BuildLiteBehavior [ RunTime:0.000000s ]
INFO: [ app_init ] --END-- [ RunTime:0.001000s ]
ERR: 无法加载模块:Public

[ 2017-06-13T20:23:05+08:00 ] 127.0.0.1 /Public/Admin/foundation/5.5.3/js/vendor/modernizr.js
INFO: [ app_init ] --START--
INFO: Run Behavior\BuildLiteBehavior [ RunTime:0.000000s ]
INFO: [ app_init ] --END-- [ RunTime:0.000000s ]
ERR: 无法加载模块:Public

[ 2017-06-13T20:23:05+08:00 ] 127.0.0.1 /Public/Admin/jquery/2.1.1/jquery.min.js
INFO: [ app_init ] --START--
INFO: Run Behavior\BuildLiteBehavior [ RunTime:0.000000s ]
INFO: [ app_init ] --END-- [ RunTime:0.002000s ]
ERR: 无法加载模块:Public

[ 2017-06-13T20:23:05+08:00 ] 127.0.0.1 /Public/Admin/foundation/5.5.3/js/foundation.min.js
INFO: [ app_init ] --START--
INFO: Run Behavior\BuildLiteBehavior [ RunTime:0.000000s ]
INFO: [ app_init ] --END-- [ RunTime:0.002000s ]
ERR: 无法加载模块:Public

[ 2017-06-13T20:23:05+08:00 ] 127.0.0.1 /Public/Admin/foundation/5.5.3/js/vendor/modernizr.js
INFO: [ app_init ] --START--
INFO: Run Behavior\BuildLiteBehavior [ RunTime:0.000000s ]
INFO: [ app_init ] --END-- [ RunTime:0.001000s ]
ERR: 无法加载模块:Public

[ 2017-06-13T20:23:13+08:00 ] 127.0.0.1 /Public/Admin/foundation/5.5.3/js/foundation.min.js
INFO: [ app_init ] --START--
INFO: Run Behavior\BuildLiteBehavior [ RunTime:0.000000s ]
INFO: [ app_init ] --END-- [ RunTime:0.001000s ]
ERR: 无法加载模块:Public

[ 2017-06-13T20:23:13+08:00 ] 127.0.0.1 /Public/Admin/foundation/5.5.3/css/foundation.min.css
INFO: [ app_init ] --START--
INFO: Run Behavior\BuildLiteBehavior [ RunTime:0.000000s ]
INFO: [ app_init ] --END-- [ RunTime:0.001000s ]
ERR: 无法加载模块:Public

[ 2017-06-13T20:23:13+08:00 ] 127.0.0.1 /Public/Admin/foundation/5.5.3/js/vendor/modernizr.js
INFO: [ app_init ] --START--
INFO: Run Behavior\BuildLiteBehavior [ RunTime:0.000000s ]
INFO: [ app_init ] --END-- [ RunTime:0.000000s ]
ERR: 无法加载模块:Public

[ 2017-06-13T20:23:13+08:00 ] 127.0.0.1 /Public/Admin/jquery/2.1.1/jquery.min.js
INFO: [ app_init ] --START--
INFO: Run Behavior\BuildLiteBehavior [ RunTime:0.000000s ]
INFO: [ app_init ] --END-- [ RunTime:0.001000s ]
ERR: 无法加载模块:Public

[ 2017-06-13T20:23:13+08:00 ] 127.0.0.1 /Public/Admin/foundation/5.5.3/js/foundation.min.js
INFO: [ app_init ] --START--
INFO: Run Behavior\BuildLiteBehavior [ RunTime:0.000000s ]
INFO: [ app_init ] --END-- [ RunTime:0.001000s ]
ERR: 无法加载模块:Public

[ 2017-06-13T20:23:13+08:00 ] 127.0.0.1 /Public/Admin/foundation/5.5.3/js/vendor/modernizr.js
INFO: [ app_init ] --START--
INFO: Run Behavior\BuildLiteBehavior [ RunTime:0.000000s ]
INFO: [ app_init ] --END-- [ RunTime:0.000000s ]
ERR: 无法加载模块:Public

[ 2017-06-13T20:23:21+08:00 ] 127.0.0.1 /Public/Admin/foundation/5.5.3/css/foundation.min.css
INFO: [ app_init ] --START--
INFO: Run Behavior\BuildLiteBehavior [ RunTime:0.000000s ]
INFO: [ app_init ] --END-- [ RunTime:0.001000s ]
ERR: 无法加载模块:Public

[ 2017-06-13T20:23:21+08:00 ] 127.0.0.1 /Public/Admin/foundation/5.5.3/js/vendor/modernizr.js
INFO: [ app_init ] --START--
INFO: Run Behavior\BuildLiteBehavior [ RunTime:0.000000s ]
INFO: [ app_init ] --END-- [ RunTime:0.001000s ]
ERR: 无法加载模块:Public

[ 2017-06-13T20:23:21+08:00 ] 127.0.0.1 /Public/Admin/jquery/2.1.1/jquery.min.js
INFO: [ app_init ] --START--
INFO: Run Behavior\BuildLiteBehavior [ RunTime:0.000000s ]
INFO: [ app_init ] --END-- [ RunTime:0.000000s ]
ERR: 无法加载模块:Public

[ 2017-06-13T20:23:21+08:00 ] 127.0.0.1 /Public/Admin/foundation/5.5.3/js/foundation.min.js
INFO: [ app_init ] --START--
INFO: Run Behavior\BuildLiteBehavior [ RunTime:0.000000s ]
INFO: [ app_init ] --END-- [ RunTime:0.001000s ]
ERR: 无法加载模块:Public

[ 2017-06-13T20:23:21+08:00 ] 127.0.0.1 /Public/Admin/foundation/5.5.3/js/vendor/modernizr.js
INFO: [ app_init ] --START--
INFO: Run Behavior\BuildLiteBehavior [ RunTime:0.001000s ]
INFO: [ app_init ] --END-- [ RunTime:0.001000s ]
ERR: 无法加载模块:Public

[ 2017-06-13T20:33:42+08:00 ] 127.0.0.1 /Public/Admin/foundation/5.5.3/js/foundation.min.js
INFO: [ app_init ] --START--
INFO: Run Behavior\BuildLiteBehavior [ RunTime:0.000000s ]
INFO: [ app_init ] --END-- [ RunTime:0.001000s ]
ERR: 无法加载模块:Public

[ 2017-06-13T20:33:42+08:00 ] 127.0.0.1 /Public/Admin/jquery/2.1.1/jquery.min.js
INFO: [ app_init ] --START--
INFO: Run Behavior\BuildLiteBehavior [ RunTime:0.000000s ]
INFO: [ app_init ] --END-- [ RunTime:0.001000s ]
ERR: 无法加载模块:Public

[ 2017-06-13T20:33:42+08:00 ] 127.0.0.1 /Public/Admin/foundation/5.5.3/js/vendor/modernizr.js
INFO: [ app_init ] --START--
INFO: Run Behavior\BuildLiteBehavior [ RunTime:0.000000s ]
INFO: [ app_init ] --END-- [ RunTime:0.001000s ]
ERR: 无法加载模块:Public

[ 2017-06-13T20:33:42+08:00 ] 127.0.0.1 /Public/Admin/foundation/5.5.3/css/foundation.min.css
INFO: [ app_init ] --START--
INFO: Run Behavior\BuildLiteBehavior [ RunTime:0.000000s ]
INFO: [ app_init ] --END-- [ RunTime:0.003000s ]
ERR: 无法加载模块:Public

[ 2017-06-13T20:33:42+08:00 ] 127.0.0.1 /Public/Admin/foundation/5.5.3/js/foundation.min.js
INFO: [ app_init ] --START--
INFO: Run Behavior\BuildLiteBehavior [ RunTime:0.000000s ]
INFO: [ app_init ] --END-- [ RunTime:0.000000s ]
ERR: 无法加载模块:Public

[ 2017-06-13T20:33:42+08:00 ] 127.0.0.1 /Public/Admin/foundation/5.5.3/js/vendor/modernizr.js
INFO: [ app_init ] --START--
INFO: Run Behavior\BuildLiteBehavior [ RunTime:0.000000s ]
INFO: [ app_init ] --END-- [ RunTime:0.000000s ]
ERR: 无法加载模块:Public

[ 2017-06-13T20:37:51+08:00 ] 127.0.0.1 /Public/Admin/foundation/5.5.3/css/foundation.min.css
INFO: [ app_init ] --START--
INFO: Run Behavior\BuildLiteBehavior [ RunTime:0.000000s ]
INFO: [ app_init ] --END-- [ RunTime:0.001000s ]
ERR: 无法加载模块:Public

[ 2017-06-13T20:37:51+08:00 ] 127.0.0.1 /Public/Admin/foundation/5.5.3/js/vendor/modernizr.js
INFO: [ app_init ] --START--
INFO: Run Behavior\BuildLiteBehavior [ RunTime:0.000000s ]
INFO: [ app_init ] --END-- [ RunTime:0.001000s ]
ERR: 无法加载模块:Public

[ 2017-06-13T20:37:51+08:00 ] 127.0.0.1 /Public/Admin/foundation/5.5.3/js/foundation.min.js
INFO: [ app_init ] --START--
INFO: Run Behavior\BuildLiteBehavior [ RunTime:0.000000s ]
INFO: [ app_init ] --END-- [ RunTime:0.001000s ]
ERR: 无法加载模块:Public

[ 2017-06-13T20:37:51+08:00 ] 127.0.0.1 /Public/Admin/jquery/2.1.1/jquery.min.js
INFO: [ app_init ] --START--
INFO: Run Behavior\BuildLiteBehavior [ RunTime:0.001000s ]
INFO: [ app_init ] --END-- [ RunTime:0.001000s ]
ERR: 无法加载模块:Public

[ 2017-06-13T20:37:51+08:00 ] 127.0.0.1 /Public/Admin/foundation/5.5.3/js/foundation.min.js
INFO: [ app_init ] --START--
INFO: Run Behavior\BuildLiteBehavior [ RunTime:0.000000s ]
INFO: [ app_init ] --END-- [ RunTime:0.001000s ]
ERR: 无法加载模块:Public

[ 2017-06-13T20:37:51+08:00 ] 127.0.0.1 /Public/Admin/foundation/5.5.3/js/vendor/modernizr.js
INFO: [ app_init ] --START--
INFO: Run Behavior\BuildLiteBehavior [ RunTime:0.000000s ]
INFO: [ app_init ] --END-- [ RunTime:0.000000s ]
ERR: 无法加载模块:Public

[ 2017-06-13T20:37:53+08:00 ] 127.0.0.1 /Public/Admin/foundation/5.5.3/css/foundation.min.css
INFO: [ app_init ] --START--
INFO: Run Behavior\BuildLiteBehavior [ RunTime:0.000000s ]
INFO: [ app_init ] --END-- [ RunTime:0.000000s ]
ERR: 无法加载模块:Public

[ 2017-06-13T20:37:53+08:00 ] 127.0.0.1 /Public/Admin/foundation/5.5.3/js/foundation.min.js
INFO: [ app_init ] --START--
INFO: Run Behavior\BuildLiteBehavior [ RunTime:0.000000s ]
INFO: [ app_init ] --END-- [ RunTime:0.001000s ]
ERR: 无法加载模块:Public

[ 2017-06-13T20:37:53+08:00 ] 127.0.0.1 /Public/Admin/foundation/5.5.3/js/vendor/modernizr.js
INFO: [ app_init ] --START--
INFO: Run Behavior\BuildLiteBehavior [ RunTime:0.000000s ]
INFO: [ app_init ] --END-- [ RunTime:0.000000s ]
ERR: 无法加载模块:Public

[ 2017-06-13T20:37:53+08:00 ] 127.0.0.1 /Public/Admin/jquery/2.1.1/jquery.min.js
INFO: [ app_init ] --START--
INFO: Run Behavior\BuildLiteBehavior [ RunTime:0.000000s ]
INFO: [ app_init ] --END-- [ RunTime:0.002000s ]
ERR: 无法加载模块:Public

[ 2017-06-13T20:37:53+08:00 ] 127.0.0.1 /Public/Admin/foundation/5.5.3/js/foundation.min.js
INFO: [ app_init ] --START--
INFO: Run Behavior\BuildLiteBehavior [ RunTime:0.000000s ]
INFO: [ app_init ] --END-- [ RunTime:0.000000s ]
ERR: 无法加载模块:Public

[ 2017-06-13T20:37:53+08:00 ] 127.0.0.1 /Public/Admin/foundation/5.5.3/js/vendor/modernizr.js
INFO: [ app_init ] --START--
INFO: Run Behavior\BuildLiteBehavior [ RunTime:0.000000s ]
INFO: [ app_init ] --END-- [ RunTime:0.001000s ]
ERR: 无法加载模块:Public

[ 2017-06-13T20:37:54+08:00 ] 127.0.0.1 /Public/Admin/jquery/2.1.1/jquery.min.js
INFO: [ app_init ] --START--
INFO: Run Behavior\BuildLiteBehavior [ RunTime:0.000000s ]
INFO: [ app_init ] --END-- [ RunTime:0.000000s ]
ERR: 无法加载模块:Public

[ 2017-06-13T20:37:54+08:00 ] 127.0.0.1 /Public/Admin/foundation/5.5.3/js/foundation.min.js
INFO: [ app_init ] --START--
INFO: Run Behavior\BuildLiteBehavior [ RunTime:0.005000s ]
INFO: [ app_init ] --END-- [ RunTime:0.005000s ]
ERR: 无法加载模块:Public

[ 2017-06-13T20:37:54+08:00 ] 127.0.0.1 /Public/Admin/foundation/5.5.3/js/vendor/modernizr.js
INFO: [ app_init ] --START--
INFO: Run Behavior\BuildLiteBehavior [ RunTime:0.001000s ]
INFO: [ app_init ] --END-- [ RunTime:0.001000s ]
ERR: 无法加载模块:Public

[ 2017-06-13T20:37:54+08:00 ] 127.0.0.1 /Public/Admin/foundation/5.5.3/css/foundation.min.css
INFO: [ app_init ] --START--
INFO: Run Behavior\BuildLiteBehavior [ RunTime:0.000000s ]
INFO: [ app_init ] --END-- [ RunTime:0.001000s ]
ERR: 无法加载模块:Public

[ 2017-06-13T20:37:54+08:00 ] 127.0.0.1 /Public/Admin/foundation/5.5.3/js/foundation.min.js
INFO: [ app_init ] --START--
INFO: Run Behavior\BuildLiteBehavior [ RunTime:0.000000s ]
INFO: [ app_init ] --END-- [ RunTime:0.000000s ]
ERR: 无法加载模块:Public

[ 2017-06-13T20:37:54+08:00 ] 127.0.0.1 /Public/Admin/foundation/5.5.3/js/vendor/modernizr.js
INFO: [ app_init ] --START--
INFO: Run Behavior\BuildLiteBehavior [ RunTime:0.000000s ]
INFO: [ app_init ] --END-- [ RunTime:0.000000s ]
ERR: 无法加载模块:Public

[ 2017-06-13T20:44:58+08:00 ] 127.0.0.1 /Public/Admin/foundation.min.css
INFO: [ app_init ] --START--
INFO: Run Behavior\BuildLiteBehavior [ RunTime:0.000000s ]
INFO: [ app_init ] --END-- [ RunTime:0.005000s ]
ERR: 无法加载模块:Public

[ 2017-06-13T20:44:58+08:00 ] 127.0.0.1 /Public/Admin/jquery/2.1.1/jquery.min.js
INFO: [ app_init ] --START--
INFO: Run Behavior\BuildLiteBehavior [ RunTime:0.000000s ]
INFO: [ app_init ] --END-- [ RunTime:0.001000s ]
ERR: 无法加载模块:Public

[ 2017-06-13T20:44:58+08:00 ] 127.0.0.1 /Public/Admin/foundation/5.5.3/js/vendor/modernizr.js
INFO: [ app_init ] --START--
INFO: Run Behavior\BuildLiteBehavior [ RunTime:0.000000s ]
INFO: [ app_init ] --END-- [ RunTime:0.000000s ]
ERR: 无法加载模块:Public

[ 2017-06-13T20:44:58+08:00 ] 127.0.0.1 /Public/Admin/foundation/5.5.3/js/foundation.min.js
INFO: [ app_init ] --START--
INFO: Run Behavior\BuildLiteBehavior [ RunTime:0.000000s ]
INFO: [ app_init ] --END-- [ RunTime:0.001000s ]
ERR: 无法加载模块:Public

[ 2017-06-13T20:44:58+08:00 ] 127.0.0.1 /Public/Admin/foundation/5.5.3/js/vendor/modernizr.js
INFO: [ app_init ] --START--
INFO: Run Behavior\BuildLiteBehavior [ RunTime:0.000000s ]
INFO: [ app_init ] --END-- [ RunTime:0.000000s ]
ERR: 无法加载模块:Public

[ 2017-06-13T20:45:59+08:00 ] 127.0.0.1 /Public/Admin/foundation/5.5.3/js/foundation.min.js
INFO: [ app_init ] --START--
INFO: Run Behavior\BuildLiteBehavior [ RunTime:0.000000s ]
INFO: [ app_init ] --END-- [ RunTime:0.001000s ]
ERR: 无法加载模块:Public

[ 2017-06-13T20:46:06+08:00 ] 127.0.0.1 /Public/Admin/foundation.min.css
INFO: [ app_init ] --START--
INFO: Run Behavior\BuildLiteBehavior [ RunTime:0.000000s ]
INFO: [ app_init ] --END-- [ RunTime:0.001000s ]
ERR: 无法加载模块:Public

[ 2017-06-13T20:46:15+08:00 ] 127.0.0.1 /Public/Admin/foundation.min.css
INFO: [ app_init ] --START--
INFO: Run Behavior\BuildLiteBehavior [ RunTime:0.000000s ]
INFO: [ app_init ] --END-- [ RunTime:0.000000s ]
ERR: 无法加载模块:Public

[ 2017-06-13T20:46:45+08:00 ] 127.0.0.1 /Public/Admin/foundation/5.5.3/js/foundation.min.js
INFO: [ app_init ] --START--
INFO: Run Behavior\BuildLiteBehavior [ RunTime:0.000000s ]
INFO: [ app_init ] --END-- [ RunTime:0.000000s ]
ERR: 无法加载模块:Public

[ 2017-06-13T20:46:48+08:00 ] 127.0.0.1 /Public/Admin/foundation.min.css
INFO: [ app_init ] --START--
INFO: Run Behavior\BuildLiteBehavior [ RunTime:0.000000s ]
INFO: [ app_init ] --END-- [ RunTime:0.001000s ]
ERR: 无法加载模块:Public

[ 2017-06-13T20:47:04+08:00 ] 127.0.0.1 /Public/Admin/foundation.min.css
INFO: [ app_init ] --START--
INFO: Run Behavior\BuildLiteBehavior [ RunTime:0.000000s ]
INFO: [ app_init ] --END-- [ RunTime:0.000000s ]
ERR: 无法加载模块:Public

[ 2017-06-13T20:47:20+08:00 ] 127.0.0.1 /Public/Admin/jquery/2.1.1/jquery.min.js
INFO: [ app_init ] --START--
INFO: Run Behavior\BuildLiteBehavior [ RunTime:0.000000s ]
INFO: [ app_init ] --END-- [ RunTime:0.001000s ]
ERR: 无法加载模块:Public

[ 2017-06-13T20:47:20+08:00 ] 127.0.0.1 /Public/Admin/foundation/5.5.3/js/foundation.min.js
INFO: [ app_init ] --START--
INFO: Run Behavior\BuildLiteBehavior [ RunTime:0.000000s ]
INFO: [ app_init ] --END-- [ RunTime:0.000000s ]
ERR: 无法加载模块:Public

[ 2017-06-13T20:47:20+08:00 ] 127.0.0.1 /Public/Admin/foundation/5.5.3/js/foundation.min.js
INFO: [ app_init ] --START--
INFO: Run Behavior\BuildLiteBehavior [ RunTime:0.000000s ]
INFO: [ app_init ] --END-- [ RunTime:0.000000s ]
ERR: 无法加载模块:Public

[ 2017-06-13T20:47:20+08:00 ] 127.0.0.1 /Public/Admin/foundation/5.5.3/js/vendor/modernizr.js
INFO: [ app_init ] --START--
INFO: Run Behavior\BuildLiteBehavior [ RunTime:0.000000s ]
INFO: [ app_init ] --END-- [ RunTime:0.001000s ]
ERR: 无法加载模块:Public

[ 2017-06-13T20:47:20+08:00 ] 127.0.0.1 /Public/Admin/jquery/2.1.1/jquery.min.js
INFO: [ app_init ] --START--
INFO: Run Behavior\BuildLiteBehavior [ RunTime:0.000000s ]
INFO: [ app_init ] --END-- [ RunTime:0.000000s ]
ERR: 无法加载模块:Public

[ 2017-06-13T20:47:20+08:00 ] 127.0.0.1 /Public/Admin/foundation/5.5.3/js/foundation.min.js
INFO: [ app_init ] --START--
INFO: Run Behavior\BuildLiteBehavior [ RunTime:0.000000s ]
INFO: [ app_init ] --END-- [ RunTime:0.000000s ]
ERR: 无法加载模块:Public

[ 2017-06-13T20:47:20+08:00 ] 127.0.0.1 /Public/Admin/foundation/5.5.3/js/vendor/modernizr.js
INFO: [ app_init ] --START--
INFO: Run Behavior\BuildLiteBehavior [ RunTime:0.000000s ]
INFO: [ app_init ] --END-- [ RunTime:0.001000s ]
ERR: 无法加载模块:Public

[ 2017-06-13T20:47:22+08:00 ] 127.0.0.1 /Public/Admin/foundation/5.5.3/js/vendor/modernizr.js
INFO: [ app_init ] --START--
INFO: Run Behavior\BuildLiteBehavior [ RunTime:0.001000s ]
INFO: [ app_init ] --END-- [ RunTime:0.001000s ]
ERR: 无法加载模块:Public

[ 2017-06-13T20:47:22+08:00 ] 127.0.0.1 /Public/Admin/foundation/5.5.3/js/foundation.min.js
INFO: [ app_init ] --START--
INFO: Run Behavior\BuildLiteBehavior [ RunTime:0.000000s ]
INFO: [ app_init ] --END-- [ RunTime:0.000000s ]
ERR: 无法加载模块:Public

[ 2017-06-13T20:47:22+08:00 ] 127.0.0.1 /Public/Admin/jquery/2.1.1/jquery.min.js
INFO: [ app_init ] --START--
INFO: Run Behavior\BuildLiteBehavior [ RunTime:0.000000s ]
INFO: [ app_init ] --END-- [ RunTime:0.013000s ]
ERR: 无法加载模块:Public

[ 2017-06-13T20:47:22+08:00 ] 127.0.0.1 /Public/Admin/foundation/5.5.3/js/foundation.min.js
INFO: [ app_init ] --START--
INFO: Run Behavior\BuildLiteBehavior [ RunTime:0.000000s ]
INFO: [ app_init ] --END-- [ RunTime:0.000000s ]
ERR: 无法加载模块:Public

[ 2017-06-13T20:47:22+08:00 ] 127.0.0.1 /Public/Admin/foundation/5.5.3/js/vendor/modernizr.js
INFO: [ app_init ] --START--
INFO: Run Behavior\BuildLiteBehavior [ RunTime:0.000000s ]
INFO: [ app_init ] --END-- [ RunTime:0.000000s ]
ERR: 无法加载模块:Public

[ 2017-06-13T20:52:56+08:00 ] 127.0.0.1 /Public/Admin/jquery/2.1.1/jquery.min.js
INFO: [ app_init ] --START--
INFO: Run Behavior\BuildLiteBehavior [ RunTime:0.000000s ]
INFO: [ app_init ] --END-- [ RunTime:0.001000s ]
ERR: 无法加载模块:Public

[ 2017-06-13T20:52:56+08:00 ] 127.0.0.1 /Public/Admin/foundation/5.5.3/js/foundation.min.js
INFO: [ app_init ] --START--
INFO: Run Behavior\BuildLiteBehavior [ RunTime:0.000000s ]
INFO: [ app_init ] --END-- [ RunTime:0.000000s ]
ERR: 无法加载模块:Public

[ 2017-06-13T20:52:56+08:00 ] 127.0.0.1 /Public/Admin/foundation/5.5.3/js/vendor/modernizr.js
INFO: [ app_init ] --START--
INFO: Run Behavior\BuildLiteBehavior [ RunTime:0.000000s ]
INFO: [ app_init ] --END-- [ RunTime:0.000000s ]
ERR: 无法加载模块:Public

[ 2017-06-13T20:52:56+08:00 ] 127.0.0.1 /favicon.ico
INFO: [ app_init ] --START--
INFO: Run Behavior\BuildLiteBehavior [ RunTime:0.000000s ]
INFO: [ app_init ] --END-- [ RunTime:0.001000s ]
ERR: 无法加载模块:Favicon

[ 2017-06-13T20:52:59+08:00 ] 127.0.0.1 /add.php
INFO: [ app_init ] --START--
INFO: Run Behavior\BuildLiteBehavior [ RunTime:0.000000s ]
INFO: [ app_init ] --END-- [ RunTime:0.000000s ]
ERR: 无法加载模块:Add

[ 2017-06-13T20:53:05+08:00 ] 127.0.0.1 /Public/Admin/foundation/5.5.3/js/foundation.min.js
INFO: [ app_init ] --START--
INFO: Run Behavior\BuildLiteBehavior [ RunTime:0.000000s ]
INFO: [ app_init ] --END-- [ RunTime:0.001000s ]
ERR: 无法加载模块:Public

[ 2017-06-13T20:53:05+08:00 ] 127.0.0.1 /Public/Admin/jquery/2.1.1/jquery.min.js
INFO: [ app_init ] --START--
INFO: Run Behavior\BuildLiteBehavior [ RunTime:0.000000s ]
INFO: [ app_init ] --END-- [ RunTime:0.000000s ]
ERR: 无法加载模块:Public

[ 2017-06-13T20:53:05+08:00 ] 127.0.0.1 /Public/Admin/foundation/5.5.3/js/vendor/modernizr.js
INFO: [ app_init ] --START--
INFO: Run Behavior\BuildLiteBehavior [ RunTime:0.000000s ]
INFO: [ app_init ] --END-- [ RunTime:0.001000s ]
ERR: 无法加载模块:Public

[ 2017-06-13T20:53:05+08:00 ] 127.0.0.1 /Public/Admin/foundation/5.5.3/js/foundation.min.js
INFO: [ app_init ] --START--
INFO: Run Behavior\BuildLiteBehavior [ RunTime:0.000000s ]
INFO: [ app_init ] --END-- [ RunTime:0.001000s ]
ERR: 无法加载模块:Public

[ 2017-06-13T20:53:05+08:00 ] 127.0.0.1 /Public/Admin/foundation/5.5.3/js/vendor/modernizr.js
INFO: [ app_init ] --START--
INFO: Run Behavior\BuildLiteBehavior [ RunTime:0.000000s ]
INFO: [ app_init ] --END-- [ RunTime:0.001000s ]
ERR: 无法加载模块:Public

[ 2017-06-13T20:53:12+08:00 ] 127.0.0.1 /Public/Admin/foundation/5.5.3/js/foundation.min.js
INFO: [ app_init ] --START--
INFO: Run Behavior\BuildLiteBehavior [ RunTime:0.000000s ]
INFO: [ app_init ] --END-- [ RunTime:0.000000s ]
ERR: 无法加载模块:Public

[ 2017-06-13T20:53:12+08:00 ] 127.0.0.1 /Public/Admin/jquery/2.1.1/jquery.min.js
INFO: [ app_init ] --START--
INFO: Run Behavior\BuildLiteBehavior [ RunTime:0.000000s ]
INFO: [ app_init ] --END-- [ RunTime:0.002000s ]
ERR: 无法加载模块:Public

[ 2017-06-13T20:53:12+08:00 ] 127.0.0.1 /Public/Admin/foundation/5.5.3/js/foundation.min.js
INFO: [ app_init ] --START--
INFO: Run Behavior\BuildLiteBehavior [ RunTime:0.000000s ]
INFO: [ app_init ] --END-- [ RunTime:0.001000s ]
ERR: 无法加载模块:Public

[ 2017-06-13T20:53:12+08:00 ] 127.0.0.1 /Public/Admin/foundation/5.5.3/js/vendor/modernizr.js
INFO: [ app_init ] --START--
INFO: Run Behavior\BuildLiteBehavior [ RunTime:0.000000s ]
INFO: [ app_init ] --END-- [ RunTime:0.001000s ]
ERR: 无法加载模块:Public

[ 2017-06-13T20:53:14+08:00 ] 127.0.0.1 /Public/Admin/jquery/2.1.1/jquery.min.js
INFO: [ app_init ] --START--
INFO: Run Behavior\BuildLiteBehavior [ RunTime:0.000000s ]
INFO: [ app_init ] --END-- [ RunTime:0.001000s ]
ERR: 无法加载模块:Public

[ 2017-06-13T20:53:14+08:00 ] 127.0.0.1 /Public/Admin/foundation/5.5.3/js/foundation.min.js
INFO: [ app_init ] --START--
INFO: Run Behavior\BuildLiteBehavior [ RunTime:0.000000s ]
INFO: [ app_init ] --END-- [ RunTime:0.001000s ]
ERR: 无法加载模块:Public

[ 2017-06-13T20:53:14+08:00 ] 127.0.0.1 /Public/Admin/foundation/5.5.3/js/vendor/modernizr.js
INFO: [ app_init ] --START--
INFO: Run Behavior\BuildLiteBehavior [ RunTime:0.000000s ]
INFO: [ app_init ] --END-- [ RunTime:0.000000s ]
ERR: 无法加载模块:Public

