[ 2017-05-19T16:42:29+08:00 ] 127.0.0.1 /favicon.ico
INFO: [ app_init ] --START--
INFO: Run Behavior\BuildLiteBehavior [ RunTime:0.000000s ]
INFO: [ app_init ] --END-- [ RunTime:0.001001s ]
ERR: 无法加载模块:Favicon

[ 2017-05-19T17:04:05+08:00 ] 127.0.0.1 /0201/www.125.com/Public/Admin/images/11111.jpg
INFO: [ app_init ] --START--
INFO: Run Behavior\BuildLiteBehavior [ RunTime:0.000000s ]
INFO: [ app_init ] --END-- [ RunTime:0.000000s ]
ERR: 无法加载模块:0201

[ 2017-05-19T17:04:07+08:00 ] 127.0.0.1 /0201/www.125.com/Public/Admin/images/11111.jpg
INFO: [ app_init ] --START--
INFO: Run Behavior\BuildLiteBehavior [ RunTime:0.000000s ]
INFO: [ app_init ] --END-- [ RunTime:0.000000s ]
ERR: 无法加载模块:0201

[ 2017-05-19T17:04:08+08:00 ] 127.0.0.1 /0201/www.125.com/Public/Admin/images/11111.jpg
INFO: [ app_init ] --START--
INFO: Run Behavior\BuildLiteBehavior [ RunTime:0.000000s ]
INFO: [ app_init ] --END-- [ RunTime:0.001001s ]
ERR: 无法加载模块:0201

[ 2017-05-19T17:04:08+08:00 ] 127.0.0.1 /0201/www.125.com/Public/Admin/images/11111.jpg
INFO: [ app_init ] --START--
INFO: Run Behavior\BuildLiteBehavior [ RunTime:0.000000s ]
INFO: [ app_init ] --END-- [ RunTime:0.000000s ]
ERR: 无法加载模块:0201

[ 2017-05-19T17:04:08+08:00 ] 127.0.0.1 /0201/www.125.com/Public/Admin/images/11111.jpg
INFO: [ app_init ] --START--
INFO: Run Behavior\BuildLiteBehavior [ RunTime:0.000000s ]
INFO: [ app_init ] --END-- [ RunTime:0.001000s ]
ERR: 无法加载模块:0201

[ 2017-05-19T17:04:08+08:00 ] 127.0.0.1 /0201/www.125.com/Public/Admin/images/11111.jpg
INFO: [ app_init ] --START--
INFO: Run Behavior\BuildLiteBehavior [ RunTime:0.000000s ]
INFO: [ app_init ] --END-- [ RunTime:0.001000s ]
ERR: 无法加载模块:0201

[ 2017-05-19T17:04:08+08:00 ] 127.0.0.1 /0201/www.125.com/Public/Admin/images/11111.jpg
INFO: [ app_init ] --START--
INFO: Run Behavior\BuildLiteBehavior [ RunTime:0.000000s ]
INFO: [ app_init ] --END-- [ RunTime:0.001000s ]
ERR: 无法加载模块:0201

[ 2017-05-19T17:04:21+08:00 ] 127.0.0.1 /0201/www.125.com/Public/Admin/images/11111.jpg
INFO: [ app_init ] --START--
INFO: Run Behavior\BuildLiteBehavior [ RunTime:0.001000s ]
INFO: [ app_init ] --END-- [ RunTime:0.001000s ]
ERR: 无法加载模块:0201

[ 2017-05-19T17:04:22+08:00 ] 127.0.0.1 /0201/www.125.com/Public/Admin/images/11111.jpg
INFO: [ app_init ] --START--
INFO: Run Behavior\BuildLiteBehavior [ RunTime:0.000000s ]
INFO: [ app_init ] --END-- [ RunTime:0.002000s ]
ERR: 无法加载模块:0201

[ 2017-05-19T17:04:22+08:00 ] 127.0.0.1 /0201/www.125.com/Public/Admin/images/11111.jpg
INFO: [ app_init ] --START--
INFO: Run Behavior\BuildLiteBehavior [ RunTime:0.000000s ]
INFO: [ app_init ] --END-- [ RunTime:0.001000s ]
ERR: 无法加载模块:0201

[ 2017-05-19T17:04:22+08:00 ] 127.0.0.1 /0201/www.125.com/Public/Admin/images/11111.jpg
INFO: [ app_init ] --START--
INFO: Run Behavior\BuildLiteBehavior [ RunTime:0.000000s ]
INFO: [ app_init ] --END-- [ RunTime:0.001000s ]
ERR: 无法加载模块:0201

[ 2017-05-19T17:04:22+08:00 ] 127.0.0.1 /0201/www.125.com/Public/Admin/images/11111.jpg
INFO: [ app_init ] --START--
INFO: Run Behavior\BuildLiteBehavior [ RunTime:0.000000s ]
INFO: [ app_init ] --END-- [ RunTime:0.000000s ]
ERR: 无法加载模块:0201

[ 2017-05-19T17:04:23+08:00 ] 127.0.0.1 /0201/www.125.com/Public/Admin/images/11111.jpg
INFO: [ app_init ] --START--
INFO: Run Behavior\BuildLiteBehavior [ RunTime:0.000000s ]
INFO: [ app_init ] --END-- [ RunTime:0.002000s ]
ERR: 无法加载模块:0201

[ 2017-05-19T17:04:23+08:00 ] 127.0.0.1 /0201/www.125.com/Public/Admin/images/11111.jpg
INFO: [ app_init ] --START--
INFO: Run Behavior\BuildLiteBehavior [ RunTime:0.000000s ]
INFO: [ app_init ] --END-- [ RunTime:0.000000s ]
ERR: 无法加载模块:0201

[ 2017-05-19T17:12:54+08:00 ] 127.0.0.1 /0201/www.125.com/Public/Admin/images/11111.jpg
INFO: [ app_init ] --START--
INFO: Run Behavior\BuildLiteBehavior [ RunTime:0.000000s ]
INFO: [ app_init ] --END-- [ RunTime:0.001000s ]
ERR: 无法加载模块:0201

[ 2017-05-19T17:12:55+08:00 ] 127.0.0.1 /0201/www.125.com/Public/Admin/images/11111.jpg
INFO: [ app_init ] --START--
INFO: Run Behavior\BuildLiteBehavior [ RunTime:0.000000s ]
INFO: [ app_init ] --END-- [ RunTime:0.001000s ]
ERR: 无法加载模块:0201

[ 2017-05-19T17:12:56+08:00 ] 127.0.0.1 /0201/www.125.com/Public/Admin/images/11111.jpg
INFO: [ app_init ] --START--
INFO: Run Behavior\BuildLiteBehavior [ RunTime:0.000000s ]
INFO: [ app_init ] --END-- [ RunTime:0.001001s ]
ERR: 无法加载模块:0201

[ 2017-05-19T17:12:56+08:00 ] 127.0.0.1 /0201/www.125.com/Public/Admin/images/11111.jpg
INFO: [ app_init ] --START--
INFO: Run Behavior\BuildLiteBehavior [ RunTime:0.000000s ]
INFO: [ app_init ] --END-- [ RunTime:0.001001s ]
ERR: 无法加载模块:0201

[ 2017-05-19T17:12:56+08:00 ] 127.0.0.1 /0201/www.125.com/Public/Admin/images/11111.jpg
INFO: [ app_init ] --START--
INFO: Run Behavior\BuildLiteBehavior [ RunTime:0.000000s ]
INFO: [ app_init ] --END-- [ RunTime:0.001000s ]
ERR: 无法加载模块:0201

[ 2017-05-19T17:12:58+08:00 ] 127.0.0.1 /0201/www.125.com/Public/Admin/images/11111.jpg
INFO: [ app_init ] --START--
INFO: Run Behavior\BuildLiteBehavior [ RunTime:0.000000s ]
INFO: [ app_init ] --END-- [ RunTime:0.001000s ]
ERR: 无法加载模块:0201

[ 2017-05-19T17:12:59+08:00 ] 127.0.0.1 /0201/www.125.com/Public/Admin/images/11111.jpg
INFO: [ app_init ] --START--
INFO: Run Behavior\BuildLiteBehavior [ RunTime:0.000000s ]
INFO: [ app_init ] --END-- [ RunTime:0.000000s ]
ERR: 无法加载模块:0201

[ 2017-05-19T17:12:59+08:00 ] 127.0.0.1 /0201/www.125.com/Public/Admin/images/11111.jpg
INFO: [ app_init ] --START--
INFO: Run Behavior\BuildLiteBehavior [ RunTime:0.000000s ]
INFO: [ app_init ] --END-- [ RunTime:0.001000s ]
ERR: 无法加载模块:0201

[ 2017-05-19T17:13:00+08:00 ] 127.0.0.1 /0201/www.125.com/Public/Admin/images/11111.jpg
INFO: [ app_init ] --START--
INFO: Run Behavior\BuildLiteBehavior [ RunTime:0.000000s ]
INFO: [ app_init ] --END-- [ RunTime:0.001000s ]
ERR: 无法加载模块:0201

[ 2017-05-19T17:13:00+08:00 ] 127.0.0.1 /0201/www.125.com/Public/Admin/images/11111.jpg
INFO: [ app_init ] --START--
INFO: Run Behavior\BuildLiteBehavior [ RunTime:0.000000s ]
INFO: [ app_init ] --END-- [ RunTime:0.003000s ]
ERR: 无法加载模块:0201

[ 2017-05-19T17:13:01+08:00 ] 127.0.0.1 /0201/www.125.com/Public/Admin/images/11111.jpg
INFO: [ app_init ] --START--
INFO: Run Behavior\BuildLiteBehavior [ RunTime:0.000000s ]
INFO: [ app_init ] --END-- [ RunTime:0.001000s ]
ERR: 无法加载模块:0201

[ 2017-05-19T17:13:01+08:00 ] 127.0.0.1 /0201/www.125.com/Public/Admin/images/11111.jpg
INFO: [ app_init ] --START--
INFO: Run Behavior\BuildLiteBehavior [ RunTime:0.000000s ]
INFO: [ app_init ] --END-- [ RunTime:0.001000s ]
ERR: 无法加载模块:0201

[ 2017-05-19T17:13:01+08:00 ] 127.0.0.1 /0201/www.125.com/Public/Admin/images/11111.jpg
INFO: [ app_init ] --START--
INFO: Run Behavior\BuildLiteBehavior [ RunTime:0.000000s ]
INFO: [ app_init ] --END-- [ RunTime:0.001000s ]
ERR: 无法加载模块:0201

[ 2017-05-19T17:13:01+08:00 ] 127.0.0.1 /0201/www.125.com/Public/Admin/images/11111.jpg
INFO: [ app_init ] --START--
INFO: Run Behavior\BuildLiteBehavior [ RunTime:0.000000s ]
INFO: [ app_init ] --END-- [ RunTime:0.001000s ]
ERR: 无法加载模块:0201

[ 2017-05-19T17:13:02+08:00 ] 127.0.0.1 /0201/www.125.com/Public/Admin/images/11111.jpg
INFO: [ app_init ] --START--
INFO: Run Behavior\BuildLiteBehavior [ RunTime:0.000000s ]
INFO: [ app_init ] --END-- [ RunTime:0.000000s ]
ERR: 无法加载模块:0201

[ 2017-05-19T17:13:02+08:00 ] 127.0.0.1 /0201/www.125.com/Public/Admin/images/11111.jpg
INFO: [ app_init ] --START--
INFO: Run Behavior\BuildLiteBehavior [ RunTime:0.000000s ]
INFO: [ app_init ] --END-- [ RunTime:0.001000s ]
ERR: 无法加载模块:0201

[ 2017-05-19T17:13:15+08:00 ] 127.0.0.1 /0201/www.125.com/Public/Admin/images/11111.jpg
INFO: [ app_init ] --START--
INFO: Run Behavior\BuildLiteBehavior [ RunTime:0.000000s ]
INFO: [ app_init ] --END-- [ RunTime:0.001000s ]
ERR: 无法加载模块:0201

[ 2017-05-19T17:13:16+08:00 ] 127.0.0.1 /0201/www.125.com/Public/Admin/images/11111.jpg
INFO: [ app_init ] --START--
INFO: Run Behavior\BuildLiteBehavior [ RunTime:0.000000s ]
INFO: [ app_init ] --END-- [ RunTime:0.001000s ]
ERR: 无法加载模块:0201

[ 2017-05-19T17:13:16+08:00 ] 127.0.0.1 /0201/www.125.com/Public/Admin/images/11111.jpg
INFO: [ app_init ] --START--
INFO: Run Behavior\BuildLiteBehavior [ RunTime:0.000000s ]
INFO: [ app_init ] --END-- [ RunTime:0.001000s ]
ERR: 无法加载模块:0201

[ 2017-05-19T17:13:16+08:00 ] 127.0.0.1 /0201/www.125.com/Public/Admin/images/11111.jpg
INFO: [ app_init ] --START--
INFO: Run Behavior\BuildLiteBehavior [ RunTime:0.000000s ]
INFO: [ app_init ] --END-- [ RunTime:0.001000s ]
ERR: 无法加载模块:0201

[ 2017-05-19T17:13:16+08:00 ] 127.0.0.1 /0201/www.125.com/Public/Admin/images/11111.jpg
INFO: [ app_init ] --START--
INFO: Run Behavior\BuildLiteBehavior [ RunTime:0.000000s ]
INFO: [ app_init ] --END-- [ RunTime:0.000000s ]
ERR: 无法加载模块:0201

[ 2017-05-19T17:13:16+08:00 ] 127.0.0.1 /0201/www.125.com/Public/Admin/images/11111.jpg
INFO: [ app_init ] --START--
INFO: Run Behavior\BuildLiteBehavior [ RunTime:0.000000s ]
INFO: [ app_init ] --END-- [ RunTime:0.001000s ]
ERR: 无法加载模块:0201

[ 2017-05-19T17:13:17+08:00 ] 127.0.0.1 /0201/www.125.com/Public/Admin/images/11111.jpg
INFO: [ app_init ] --START--
INFO: Run Behavior\BuildLiteBehavior [ RunTime:0.000000s ]
INFO: [ app_init ] --END-- [ RunTime:0.000000s ]
ERR: 无法加载模块:0201

[ 2017-05-19T17:13:18+08:00 ] 127.0.0.1 /0201/www.125.com/Public/Admin/images/11111.jpg
INFO: [ app_init ] --START--
INFO: Run Behavior\BuildLiteBehavior [ RunTime:0.000000s ]
INFO: [ app_init ] --END-- [ RunTime:0.000000s ]
ERR: 无法加载模块:0201

[ 2017-05-19T17:13:18+08:00 ] 127.0.0.1 /0201/www.125.com/Public/Admin/images/11111.jpg
INFO: [ app_init ] --START--
INFO: Run Behavior\BuildLiteBehavior [ RunTime:0.000000s ]
INFO: [ app_init ] --END-- [ RunTime:0.000000s ]
ERR: 无法加载模块:0201

[ 2017-05-19T17:19:18+08:00 ] 127.0.0.1 /Publiccss/pintuer.css
INFO: [ app_init ] --START--
INFO: Run Behavior\BuildLiteBehavior [ RunTime:0.000000s ]
INFO: [ app_init ] --END-- [ RunTime:0.000000s ]
ERR: 无法加载模块:Publiccss

[ 2017-05-19T17:19:18+08:00 ] 127.0.0.1 /Publicjs/pintuer.js
INFO: [ app_init ] --START--
INFO: Run Behavior\BuildLiteBehavior [ RunTime:0.000000s ]
INFO: [ app_init ] --END-- [ RunTime:0.000000s ]
ERR: 无法加载模块:Publicjs

[ 2017-05-19T17:19:18+08:00 ] 127.0.0.1 /Publiccss/admin.css
INFO: [ app_init ] --START--
INFO: Run Behavior\BuildLiteBehavior [ RunTime:0.000000s ]
INFO: [ app_init ] --END-- [ RunTime:0.001000s ]
ERR: 无法加载模块:Publiccss

[ 2017-05-19T17:19:18+08:00 ] 127.0.0.1 /Publicjs/jquery.js
INFO: [ app_init ] --START--
INFO: Run Behavior\BuildLiteBehavior [ RunTime:0.000000s ]
INFO: [ app_init ] --END-- [ RunTime:0.003000s ]
ERR: 无法加载模块:Publicjs

[ 2017-05-19T17:19:18+08:00 ] 127.0.0.1 /Publicjs/pintuer.js
INFO: [ app_init ] --START--
INFO: Run Behavior\BuildLiteBehavior [ RunTime:0.000000s ]
INFO: [ app_init ] --END-- [ RunTime:0.000000s ]
ERR: 无法加载模块:Publicjs

[ 2017-05-19T17:19:18+08:00 ] 127.0.0.1 /Public/images/11111.jpg
INFO: [ app_init ] --START--
INFO: Run Behavior\BuildLiteBehavior [ RunTime:0.000000s ]
INFO: [ app_init ] --END-- [ RunTime:0.000000s ]
ERR: 无法加载模块:Public

[ 2017-05-19T17:19:19+08:00 ] 127.0.0.1 /Publiccss/pintuer.css
INFO: [ app_init ] --START--
INFO: Run Behavior\BuildLiteBehavior [ RunTime:0.000000s ]
INFO: [ app_init ] --END-- [ RunTime:0.000000s ]
ERR: 无法加载模块:Publiccss

[ 2017-05-19T17:19:19+08:00 ] 127.0.0.1 /Publicjs/jquery.js
INFO: [ app_init ] --START--
INFO: Run Behavior\BuildLiteBehavior [ RunTime:0.002000s ]
INFO: [ app_init ] --END-- [ RunTime:0.012001s ]
ERR: 无法加载模块:Publicjs

[ 2017-05-19T17:19:19+08:00 ] 127.0.0.1 /Publicjs/pintuer.js
INFO: [ app_init ] --START--
INFO: Run Behavior\BuildLiteBehavior [ RunTime:0.001000s ]
INFO: [ app_init ] --END-- [ RunTime:0.001000s ]
ERR: 无法加载模块:Publicjs

[ 2017-05-19T17:19:19+08:00 ] 127.0.0.1 /Publiccss/admin.css
INFO: [ app_init ] --START--
INFO: Run Behavior\BuildLiteBehavior [ RunTime:0.000000s ]
INFO: [ app_init ] --END-- [ RunTime:0.005000s ]
ERR: 无法加载模块:Publiccss

[ 2017-05-19T17:19:19+08:00 ] 127.0.0.1 /Publicjs/pintuer.js
INFO: [ app_init ] --START--
INFO: Run Behavior\BuildLiteBehavior [ RunTime:0.000000s ]
INFO: [ app_init ] --END-- [ RunTime:0.001000s ]
ERR: 无法加载模块:Publicjs

[ 2017-05-19T17:19:19+08:00 ] 127.0.0.1 /Public/images/11111.jpg
INFO: [ app_init ] --START--
INFO: Run Behavior\BuildLiteBehavior [ RunTime:0.000000s ]
INFO: [ app_init ] --END-- [ RunTime:0.001000s ]
ERR: 无法加载模块:Public

[ 2017-05-19T17:19:19+08:00 ] 127.0.0.1 /Publiccss/pintuer.css
INFO: [ app_init ] --START--
INFO: Run Behavior\BuildLiteBehavior [ RunTime:0.000000s ]
INFO: [ app_init ] --END-- [ RunTime:0.001000s ]
ERR: 无法加载模块:Publiccss

[ 2017-05-19T17:19:19+08:00 ] 127.0.0.1 /Publiccss/admin.css
INFO: [ app_init ] --START--
INFO: Run Behavior\BuildLiteBehavior [ RunTime:0.000000s ]
INFO: [ app_init ] --END-- [ RunTime:0.002000s ]
ERR: 无法加载模块:Publiccss

[ 2017-05-19T17:19:19+08:00 ] 127.0.0.1 /Publicjs/jquery.js
INFO: [ app_init ] --START--
INFO: Run Behavior\BuildLiteBehavior [ RunTime:0.000000s ]
INFO: [ app_init ] --END-- [ RunTime:0.001000s ]
ERR: 无法加载模块:Publicjs

[ 2017-05-19T17:19:19+08:00 ] 127.0.0.1 /Publicjs/pintuer.js
INFO: [ app_init ] --START--
INFO: Run Behavior\BuildLiteBehavior [ RunTime:0.000000s ]
INFO: [ app_init ] --END-- [ RunTime:0.001000s ]
ERR: 无法加载模块:Publicjs

[ 2017-05-19T17:19:19+08:00 ] 127.0.0.1 /Public/images/11111.jpg
INFO: [ app_init ] --START--
INFO: Run Behavior\BuildLiteBehavior [ RunTime:0.000000s ]
INFO: [ app_init ] --END-- [ RunTime:0.001000s ]
ERR: 无法加载模块:Public

[ 2017-05-19T17:19:19+08:00 ] 127.0.0.1 /Publiccss/admin.css
INFO: [ app_init ] --START--
INFO: Run Behavior\BuildLiteBehavior [ RunTime:0.000000s ]
INFO: [ app_init ] --END-- [ RunTime:0.001000s ]
ERR: 无法加载模块:Publiccss

[ 2017-05-19T17:19:19+08:00 ] 127.0.0.1 /Publicjs/pintuer.js
INFO: [ app_init ] --START--
INFO: Run Behavior\BuildLiteBehavior [ RunTime:0.000000s ]
INFO: [ app_init ] --END-- [ RunTime:0.000000s ]
ERR: 无法加载模块:Publicjs

[ 2017-05-19T17:19:19+08:00 ] 127.0.0.1 /Publiccss/pintuer.css
INFO: [ app_init ] --START--
INFO: Run Behavior\BuildLiteBehavior [ RunTime:0.000000s ]
INFO: [ app_init ] --END-- [ RunTime:0.001000s ]
ERR: 无法加载模块:Publiccss

[ 2017-05-19T17:19:19+08:00 ] 127.0.0.1 /Publicjs/jquery.js
INFO: [ app_init ] --START--
INFO: Run Behavior\BuildLiteBehavior [ RunTime:0.000000s ]
INFO: [ app_init ] --END-- [ RunTime:0.000000s ]
ERR: 无法加载模块:Publicjs

[ 2017-05-19T17:19:19+08:00 ] 127.0.0.1 /Publicjs/pintuer.js
INFO: [ app_init ] --START--
INFO: Run Behavior\BuildLiteBehavior [ RunTime:0.000000s ]
INFO: [ app_init ] --END-- [ RunTime:0.001000s ]
ERR: 无法加载模块:Publicjs

[ 2017-05-19T17:19:19+08:00 ] 127.0.0.1 /Public/images/11111.jpg
INFO: [ app_init ] --START--
INFO: Run Behavior\BuildLiteBehavior [ RunTime:0.001000s ]
INFO: [ app_init ] --END-- [ RunTime:0.001000s ]
ERR: 无法加载模块:Public

[ 2017-05-19T17:19:20+08:00 ] 127.0.0.1 /Publiccss/admin.css
INFO: [ app_init ] --START--
INFO: Run Behavior\BuildLiteBehavior [ RunTime:0.000000s ]
INFO: [ app_init ] --END-- [ RunTime:0.000000s ]
ERR: 无法加载模块:Publiccss

[ 2017-05-19T17:19:20+08:00 ] 127.0.0.1 /Publicjs/jquery.js
INFO: [ app_init ] --START--
INFO: Run Behavior\BuildLiteBehavior [ RunTime:0.000000s ]
INFO: [ app_init ] --END-- [ RunTime:0.001000s ]
ERR: 无法加载模块:Publicjs

[ 2017-05-19T17:19:20+08:00 ] 127.0.0.1 /Publiccss/pintuer.css
INFO: [ app_init ] --START--
INFO: Run Behavior\BuildLiteBehavior [ RunTime:0.000000s ]
INFO: [ app_init ] --END-- [ RunTime:0.001000s ]
ERR: 无法加载模块:Publiccss

[ 2017-05-19T17:19:20+08:00 ] 127.0.0.1 /Publicjs/pintuer.js
INFO: [ app_init ] --START--
INFO: Run Behavior\BuildLiteBehavior [ RunTime:0.000000s ]
INFO: [ app_init ] --END-- [ RunTime:0.001000s ]
ERR: 无法加载模块:Publicjs

[ 2017-05-19T17:19:20+08:00 ] 127.0.0.1 /Publicjs/pintuer.js
INFO: [ app_init ] --START--
INFO: Run Behavior\BuildLiteBehavior [ RunTime:0.001000s ]
INFO: [ app_init ] --END-- [ RunTime:0.001000s ]
ERR: 无法加载模块:Publicjs

[ 2017-05-19T17:19:20+08:00 ] 127.0.0.1 /Public/images/11111.jpg
INFO: [ app_init ] --START--
INFO: Run Behavior\BuildLiteBehavior [ RunTime:0.000000s ]
INFO: [ app_init ] --END-- [ RunTime:0.001000s ]
ERR: 无法加载模块:Public

[ 2017-05-19T17:19:20+08:00 ] 127.0.0.1 /Publiccss/pintuer.css
INFO: [ app_init ] --START--
INFO: Run Behavior\BuildLiteBehavior [ RunTime:0.000000s ]
INFO: [ app_init ] --END-- [ RunTime:0.001000s ]
ERR: 无法加载模块:Publiccss

[ 2017-05-19T17:19:20+08:00 ] 127.0.0.1 /Publicjs/jquery.js
INFO: [ app_init ] --START--
INFO: Run Behavior\BuildLiteBehavior [ RunTime:0.000000s ]
INFO: [ app_init ] --END-- [ RunTime:0.000000s ]
ERR: 无法加载模块:Publicjs

[ 2017-05-19T17:19:20+08:00 ] 127.0.0.1 /Publicjs/pintuer.js
INFO: [ app_init ] --START--
INFO: Run Behavior\BuildLiteBehavior [ RunTime:0.000000s ]
INFO: [ app_init ] --END-- [ RunTime:0.001000s ]
ERR: 无法加载模块:Publicjs

[ 2017-05-19T17:19:20+08:00 ] 127.0.0.1 /Publiccss/admin.css
INFO: [ app_init ] --START--
INFO: Run Behavior\BuildLiteBehavior [ RunTime:0.000000s ]
INFO: [ app_init ] --END-- [ RunTime:0.002000s ]
ERR: 无法加载模块:Publiccss

[ 2017-05-19T17:19:20+08:00 ] 127.0.0.1 /Publicjs/pintuer.js
INFO: [ app_init ] --START--
INFO: Run Behavior\BuildLiteBehavior [ RunTime:0.000000s ]
INFO: [ app_init ] --END-- [ RunTime:0.001000s ]
ERR: 无法加载模块:Publicjs

[ 2017-05-19T17:19:20+08:00 ] 127.0.0.1 /Public/images/11111.jpg
INFO: [ app_init ] --START--
INFO: Run Behavior\BuildLiteBehavior [ RunTime:0.000000s ]
INFO: [ app_init ] --END-- [ RunTime:0.001000s ]
ERR: 无法加载模块:Public

[ 2017-05-19T17:19:20+08:00 ] 127.0.0.1 /Publiccss/admin.css
INFO: [ app_init ] --START--
INFO: Run Behavior\BuildLiteBehavior [ RunTime:0.000000s ]
INFO: [ app_init ] --END-- [ RunTime:0.000000s ]
ERR: 无法加载模块:Publiccss

[ 2017-05-19T17:19:20+08:00 ] 127.0.0.1 /Publicjs/pintuer.js
INFO: [ app_init ] --START--
INFO: Run Behavior\BuildLiteBehavior [ RunTime:0.000000s ]
INFO: [ app_init ] --END-- [ RunTime:0.001000s ]
ERR: 无法加载模块:Publicjs

[ 2017-05-19T17:19:20+08:00 ] 127.0.0.1 /Publiccss/pintuer.css
INFO: [ app_init ] --START--
INFO: Run Behavior\BuildLiteBehavior [ RunTime:0.000000s ]
INFO: [ app_init ] --END-- [ RunTime:0.001000s ]
ERR: 无法加载模块:Publiccss

[ 2017-05-19T17:19:20+08:00 ] 127.0.0.1 /Publicjs/jquery.js
INFO: [ app_init ] --START--
INFO: Run Behavior\BuildLiteBehavior [ RunTime:0.000000s ]
INFO: [ app_init ] --END-- [ RunTime:0.001000s ]
ERR: 无法加载模块:Publicjs

[ 2017-05-19T17:19:20+08:00 ] 127.0.0.1 /Publicjs/pintuer.js
INFO: [ app_init ] --START--
INFO: Run Behavior\BuildLiteBehavior [ RunTime:0.000000s ]
INFO: [ app_init ] --END-- [ RunTime:0.001000s ]
ERR: 无法加载模块:Publicjs

[ 2017-05-19T17:19:20+08:00 ] 127.0.0.1 /Public/images/11111.jpg
INFO: [ app_init ] --START--
INFO: Run Behavior\BuildLiteBehavior [ RunTime:0.000000s ]
INFO: [ app_init ] --END-- [ RunTime:0.001000s ]
ERR: 无法加载模块:Public

